[10/16/25 20:33:14] INFO     ⚠️  No GPU detected, using CPU                                         train_challenge1_robust_gpu.py:85
                    INFO        CPU cores: 12                                                      train_challenge1_robust_gpu.py:86
                    INFO        Optimizations: Multi-threading enabled                             train_challenge1_robust_gpu.py:87
================================================================================
🎯 CHALLENGE 1: ROBUST MULTI-RELEASE TRAINING (GPU OPTIMIZED)
================================================================================
Device: cpu
Mixed Precision (AMP): False

Phase 1 Improvements:
  ✅ Multi-release: R1+R2+R3 (80/20 split)
  ✅ Huber loss: Robust to outliers
  ✅ Residual reweighting: After epoch 5

Expected: Overall 2.01 → 1.5-1.7 (Rank #25-30)
================================================================================

📦 Loading ALL releases (R1+R2+R3)...

📂 Loading releases: ['R1', 'R2', 'R3']
  [1/3] Loading R1... ✗ Error: EEGChallengeDataset.__init__() missing 1 required positional argument: 'cache_dir'
                    ERROR    Failed to load R1: EEGChallengeDataset.__init__() missing 1 required train_challenge1_robust_gpu.py:174
                             positional argument: 'cache_dir'                                                                       
  [2/3] Loading R2... ✗ Error: EEGChallengeDataset.__init__() missing 1 required positional argument: 'cache_dir'
                    ERROR    Failed to load R2: EEGChallengeDataset.__init__() missing 1 required train_challenge1_robust_gpu.py:174
                             positional argument: 'cache_dir'                                                                       
  [3/3] Loading R3... ✗ Error: EEGChallengeDataset.__init__() missing 1 required positional argument: 'cache_dir'
                    ERROR    Failed to load R3: EEGChallengeDataset.__init__() missing 1 required train_challenge1_robust_gpu.py:174
                             positional argument: 'cache_dir'                                                                       
                    ERROR    ==================================================================== train_challenge1_robust_gpu.py:540
                             ============                                                                                           
                    ERROR    💥 Training crashed!                                                 train_challenge1_robust_gpu.py:541
                    ERROR    ==================================================================== train_challenge1_robust_gpu.py:542
                             ============                                                                                           
                    ERROR    Error: datasets should not be an empty iterable                      train_challenge1_robust_gpu.py:543
                    ERROR    Traceback (most recent call last):                                   train_challenge1_robust_gpu.py:544
                               File                                                                                                 
                             "/home/kevin/Projects/eeg2025/scripts/train_challenge1_robust_gpu.py                                   
                             ", line 534, in <module>                                                                               
                                 result = main()                                                                                    
                                          ^^^^^^                                                                                    
                               File                                                                                                 
                             "/home/kevin/Projects/eeg2025/scripts/train_challenge1_robust_gpu.py                                   
                             ", line 464, in main                                                                                   
                                 all_dataset = MultiReleaseDataset(                                                                 
                                               ^^^^^^^^^^^^^^^^^^^^                                                                 
                               File                                                                                                 
                             "/home/kevin/Projects/eeg2025/scripts/train_challenge1_robust_gpu.py                                   
                             ", line 178, in __init__                                                                               
                                 self.combined_dataset = ConcatDataset(self.windows_datasets)                                       
                                                         ^^^^^^^^^^^^^^^^^^^^^^^^^^^^^^^^^^^^                                       
                               File                                                                                                 
                             "/home/kevin/Projects/eeg2025/venv/lib/python3.12/site-packages/torc                                   
                             h/utils/data/dataset.py", line 324, in __init__                                                        
                                 assert len(self.datasets) > 0, "datasets should not be an empty                                    
                             iterable"  # type: ignore                                                                              
                                        ^^^^^^^^^^^^^^^^^^^^^^                                                                      
                             AssertionError: datasets should not be an empty iterable                                               
                                                                                                                                    
                    ERROR    ==================================================================== train_challenge1_robust_gpu.py:545
                             ============                                                                                           
[W1016 20:33:14.889358582 AllocatorConfig.cpp:28] Warning: PYTORCH_CUDA_ALLOC_CONF is deprecated, use PYTORCH_ALLOC_CONF instead (function operator())
