nohup: ignoring input
2025-10-16 13:00:28,783 - INFO - ================================================================================
2025-10-16 13:00:28,783 - INFO - 🚀 Challenge 2 Training Started
2025-10-16 13:00:28,784 - INFO - Crash log: logs/challenge2_crash_20251016_130028.log
2025-10-16 13:00:28,784 - INFO - ================================================================================
================================================================================
🎯 CHALLENGE 2: MULTI-RELEASE EXTERNALIZING PREDICTION
================================================================================
Training on: R1, R2, R3, R4
Validation on: R5
Expected improvement: 14x better generalization
================================================================================
[10/16/25 13:00:33] INFO     Starting main train_challenge2_multi_release.py:421
                             training                                           
                             pipeline...                                        

📦 Loading training data (R1-R4)...

📂 Loading releases: ['R1', 'R2', 'R3', 'R4']
                    INFO     Loading 4      train_challenge2_multi_release.py:85
                             releases:                                          
                             ['R1', 'R2',                                       
                             'R3', 'R4']                                        

  [1/4] Loading R1...
                    INFO     Loading        train_challenge2_multi_release.py:89
                             release R1                                         
                             (1/4)                                              
╭────────────────────── EEG 2025 Competition Data Notice ──────────────────────╮
│ This object loads the HBN dataset that has been preprocessed for the EEG     │
│ Challenge:                                                                   │
│   * Downsampled from 500Hz to 100Hz                                          │
│   * Bandpass filtered (0.5-50 Hz)                                            │
│                                                                              │
│ For full preprocessing applied for competition details, see:                 │
│   https://github.com/eeg2025/downsample-datasets                             │
│                                                                              │
│ The HBN dataset have some preprocessing applied by the HBN team:             │
│   * Re-reference (Cz Channel)                                                │
│                                                                              │
│ IMPORTANT: The data accessed via `EEGChallengeDataset` is NOT identical to   │
│ what you get from EEGDashDataset directly.                                   │
│ If you are participating in the competition, always use                      │
│ `EEGChallengeDataset` to ensure consistency with the challenge data.         │
╰──────────────────────── Source: EEGChallengeDataset ─────────────────────────╯
    Datasets: 136
[10/16/25 13:00:34] INFO       R1: Loaded  train_challenge2_multi_release.py:102
                             136 datasets                                       
    Checking for corrupted files in 136 datasets...
                    INFO       R1:         train_challenge2_multi_release.py:109
                             Checking 136                                       
                             files for                                          
                             corruption...                                      
    Checked 50/136 files... (50 valid)
[10/16/25 13:00:41] INFO       R1:         train_challenge2_multi_release.py:122
                             Progress                                           
                             50/136 - 50                                        
                             valid, 0                                           
                             corrupted                                          
    Checked 100/136 files... (100 valid)
[10/16/25 13:00:46] INFO       R1:         train_challenge2_multi_release.py:122
                             Progress                                           
                             100/136 - 100                                      
                             valid, 0                                           
                             corrupted                                          
    ✅ Valid datasets: 136 (skipped 0 corrupted) - 17.7s
[10/16/25 13:00:51] INFO       R1:         train_challenge2_multi_release.py:138
                             Complete -                                         
                             136 valid, 0                                       
                             corrupted,                                         
                             17.7s                                              
    Creating windows from continuous data...
                    INFO       R1:         train_challenge2_multi_release.py:145
                             Creating                                           
                             fixed-length                                       
                             windows...                                         
    Windows created: 57648
                    INFO       R1: Created train_challenge2_multi_release.py:166
                             57648 windows                                      
    Windows: 57648
                    ERROR    ============= train_challenge2_multi_release.py:429
                             =============                                      
                             =============                                      
                             =============                                      
                             =============                                      
                             =============                                      
                             ==                                                 
                    ERROR    💥 FATAL      train_challenge2_multi_release.py:430
                             ERROR -                                            
                             Training                                           
                             crashed!                                           
                    ERROR    ============= train_challenge2_multi_release.py:431
                             =============                                      
                             =============                                      
                             =============                                      
                             =============                                      
                             =============                                      
                             ==                                                 
                    ERROR    Error type:   train_challenge2_multi_release.py:432
                             IndexError                                         
                    ERROR    Error         train_challenge2_multi_release.py:433
                             message: list                                      
                             index out of                                       
                             range                                              
                    ERROR                  train_challenge2_multi_release.py:434
                             Full                                               
                             traceback:                                         
                    ERROR    Traceback     train_challenge2_multi_release.py:435
                             (most recent                                       
                             call last):                                        
                               File                                             
                             "/home/kevin/                                      
                             Projects/eeg2                                      
                             025/scripts/t                                      
                             rain_challeng                                      
                             e2_multi_rele                                      
                             ase.py", line                                      
                             422, in                                            
                             <module>                                           
                                 result =                                       
                             main()                                             
                                                                                
                             ^^^^^^                                             
                               File                                             
                             "/home/kevin/                                      
                             Projects/eeg2                                      
                             025/scripts/t                                      
                             rain_challeng                                      
                             e2_multi_rele                                      
                             ase.py", line                                      
                             374, in main                                       
                                 train_dat                                      
                             aset =                                             
                             MultiReleaseE                                      
                             xternalizingD                                      
                             ataset(                                            
                                                                                
                                    ^^^^^^                                      
                             ^^^^^^^^^^^^^                                      
                             ^^^^^^^^^^^^^                                      
                             ^                                                  
                               File                                             
                             "/home/kevin/                                      
                             Projects/eeg2                                      
                             025/scripts/t                                      
                             rain_challeng                                      
                             e2_multi_rele                                      
                             ase.py", line                                      
                             182, in                                            
                             __init__                                           
                                 dataset_i                                      
                             nd =                                               
                             windows_datas                                      
                             et.datasets.d                                      
                             escription.ge                                      
                             t('i_dataset'                                      
                             , 0)                                               
                                                                                
                                  ~~~~~~~~                                      
                             ~~~~~~~~~~~~~                                      
                             ~~~^^^^^^^^^                                       
                             IndexError:                                        
                             list index                                         
                             out of range                                       
                                                                                
                    ERROR    ============= train_challenge2_multi_release.py:436
                             =============                                      
                             =============                                      
                             =============                                      
                             =============                                      
                             =============                                      
                             ==                                                 
                    ERROR    Crash details train_challenge2_multi_release.py:437
                             saved to:                                          
                             logs/challeng                                      
                             e2_crash_2025                                      
                             1016_130028.l                                      
                             og                                                 
                    ERROR    ============= train_challenge2_multi_release.py:438
                             =============                                      
                             =============                                      
                             =============                                      
                             =============                                      
                             =============                                      
                             ==                                                 
[W1016 13:00:53.442661342 AllocatorConfig.cpp:28] Warning: PYTORCH_CUDA_ALLOC_CONF is deprecated, use PYTORCH_ALLOC_CONF instead (function operator())
