nohup: ignoring input
2025-10-16 10:19:55,473 - INFO - ================================================================================
2025-10-16 10:19:55,473 - INFO - ðŸš€ Challenge 1 Training Started
2025-10-16 10:19:55,473 - INFO - Crash log: logs/challenge1_crash_20251016_101955.log
2025-10-16 10:19:55,473 - INFO - ================================================================================
================================================================================
ðŸŽ¯ CHALLENGE 1: MULTI-RELEASE RESPONSE TIME PREDICTION
================================================================================
Training on: R1, R2, R3, R4
Validation on: R5
Expected improvement: 10x better generalization
================================================================================
[10/16/25 10:20:00] INFO     Starting main train_challenge1_multi_release.py:429
                             training                                           
                             pipeline...                                        

ðŸ“¦ Loading training data (R1-R4)...

ðŸ“‚ Loading releases: ['R1', 'R2', 'R3', 'R4']
                    INFO     Loading 4      train_challenge1_multi_release.py:92
                             releases:                                          
                             ['R1', 'R2',                                       
                             'R3', 'R4']                                        

  [1/4] Loading R1...
                    INFO     Loading        train_challenge1_multi_release.py:96
                             release R1                                         
                             (1/4)                                              
â•­â”€â”€â”€â”€â”€â”€â”€â”€â”€â”€â”€â”€â”€â”€â”€â”€â”€â”€â”€â”€â”€â”€ EEG 2025 Competition Data Notice â”€â”€â”€â”€â”€â”€â”€â”€â”€â”€â”€â”€â”€â”€â”€â”€â”€â”€â”€â”€â”€â”€â•®
â”‚ This object loads the HBN dataset that has been preprocessed for the EEG     â”‚
â”‚ Challenge:                                                                   â”‚
â”‚   * Downsampled from 500Hz to 100Hz                                          â”‚
â”‚   * Bandpass filtered (0.5-50 Hz)                                            â”‚
â”‚                                                                              â”‚
â”‚ For full preprocessing applied for competition details, see:                 â”‚
â”‚   https://github.com/eeg2025/downsample-datasets                             â”‚
â”‚                                                                              â”‚
â”‚ The HBN dataset have some preprocessing applied by the HBN team:             â”‚
â”‚   * Re-reference (Cz Channel)                                                â”‚
â”‚                                                                              â”‚
â”‚ IMPORTANT: The data accessed via `EEGChallengeDataset` is NOT identical to   â”‚
â”‚ what you get from EEGDashDataset directly.                                   â”‚
â”‚ If you are participating in the competition, always use                      â”‚
â”‚ `EEGChallengeDataset` to ensure consistency with the challenge data.         â”‚
â•°â”€â”€â”€â”€â”€â”€â”€â”€â”€â”€â”€â”€â”€â”€â”€â”€â”€â”€â”€â”€â”€â”€â”€â”€ Source: EEGChallengeDataset â”€â”€â”€â”€â”€â”€â”€â”€â”€â”€â”€â”€â”€â”€â”€â”€â”€â”€â”€â”€â”€â”€â”€â”€â”€â•¯
    Datasets: 293
[10/16/25 10:20:02] INFO       R1: Loaded  train_challenge1_multi_release.py:108
                             293 datasets                                       
    Checking for corrupted files in 293 datasets...
                    INFO       R1:         train_challenge1_multi_release.py:115
                             Checking 293                                       
                             files for                                          
                             corruption...                                      
    Checked 50/293 files... (50 valid)
[10/16/25 10:20:06] INFO       R1:         train_challenge1_multi_release.py:128
                             Progress                                           
                             50/293 - 50                                        
                             valid, 0                                           
                             corrupted                                          
    Checked 100/293 files... (100 valid)
[10/16/25 10:20:10] INFO       R1:         train_challenge1_multi_release.py:128
                             Progress                                           
                             100/293 - 100                                      
                             valid, 0                                           
                             corrupted                                          
    Checked 150/293 files... (150 valid)
[10/16/25 10:20:15] INFO       R1:         train_challenge1_multi_release.py:128
                             Progress                                           
                             150/293 - 150                                      
                             valid, 0                                           
                             corrupted                                          
    Checked 200/293 files... (200 valid)
[10/16/25 10:20:20] INFO       R1:         train_challenge1_multi_release.py:128
                             Progress                                           
                             200/293 - 200                                      
                             valid, 0                                           
                             corrupted                                          
    Checked 250/293 files... (250 valid)
[10/16/25 10:20:24] INFO       R1:         train_challenge1_multi_release.py:128
                             Progress                                           
                             250/293 - 250                                      
                             valid, 0                                           
                             corrupted                                          
    âœ… Valid datasets: 293 (skipped 0 corrupted) - 27.7s
[10/16/25 10:20:28] INFO       R1:         train_challenge1_multi_release.py:144
                             Complete -                                         
                             293 valid, 0                                       
                             corrupted,                                         
                             27.7s                                              
    Preprocessing 293 datasets...
                    INFO       R1:         train_challenge1_multi_release.py:148
                             Starting                                           
                             preprocessing                                      
                             ...                                                
[10/16/25 10:20:39] INFO       R1:         train_challenge1_multi_release.py:163
                             Preprocessing                                      
                             complete                                           
    Datasets with valid trials after preprocessing: 293/293
                    INFO       R1: 293     train_challenge1_multi_release.py:171
                             datasets have                                      
                             valid trials                                       
    Creating windows from trials...
                    INFO       R1:         train_challenge1_multi_release.py:179
                             Creating                                           
                             fixed-length                                       
                             windows...                                         
    Windows created: 62336
                    INFO       R1: Created train_challenge1_multi_release.py:199
                             62336 windows                                      
    Windows: 62336

  [2/4] Loading R2...
                    INFO     Loading        train_challenge1_multi_release.py:96
                             release R2                                         
                             (2/4)                                              
â•­â”€â”€â”€â”€â”€â”€â”€â”€â”€â”€â”€â”€â”€â”€â”€â”€â”€â”€â”€â”€â”€â”€ EEG 2025 Competition Data Notice â”€â”€â”€â”€â”€â”€â”€â”€â”€â”€â”€â”€â”€â”€â”€â”€â”€â”€â”€â”€â”€â”€â•®
â”‚ This object loads the HBN dataset that has been preprocessed for the EEG     â”‚
â”‚ Challenge:                                                                   â”‚
â”‚   * Downsampled from 500Hz to 100Hz                                          â”‚
â”‚   * Bandpass filtered (0.5-50 Hz)                                            â”‚
â”‚                                                                              â”‚
â”‚ For full preprocessing applied for competition details, see:                 â”‚
â”‚   https://github.com/eeg2025/downsample-datasets                             â”‚
â”‚                                                                              â”‚
â”‚ The HBN dataset have some preprocessing applied by the HBN team:             â”‚
â”‚   * Re-reference (Cz Channel)                                                â”‚
â”‚                                                                              â”‚
â”‚ IMPORTANT: The data accessed via `EEGChallengeDataset` is NOT identical to   â”‚
â”‚ what you get from EEGDashDataset directly.                                   â”‚
â”‚ If you are participating in the competition, always use                      â”‚
â”‚ `EEGChallengeDataset` to ensure consistency with the challenge data.         â”‚
â•°â”€â”€â”€â”€â”€â”€â”€â”€â”€â”€â”€â”€â”€â”€â”€â”€â”€â”€â”€â”€â”€â”€â”€â”€ Source: EEGChallengeDataset â”€â”€â”€â”€â”€â”€â”€â”€â”€â”€â”€â”€â”€â”€â”€â”€â”€â”€â”€â”€â”€â”€â”€â”€â”€â•¯
    Datasets: 301
[10/16/25 10:20:41] INFO       R2: Loaded  train_challenge1_multi_release.py:108
                             301 datasets                                       
    Checking for corrupted files in 301 datasets...
                    INFO       R2:         train_challenge1_multi_release.py:115
                             Checking 301                                       
                             files for                                          
                             corruption...                                      
    Checked 50/301 files... (50 valid)
[10/16/25 10:20:45] INFO       R2:         train_challenge1_multi_release.py:128
                             Progress                                           
                             50/301 - 50                                        
                             valid, 0                                           
                             corrupted                                          
    Checked 100/301 files... (100 valid)
[10/16/25 10:20:50] INFO       R2:         train_challenge1_multi_release.py:128
                             Progress                                           
                             100/301 - 100                                      
                             valid, 0                                           
                             corrupted                                          
    Checked 150/301 files... (150 valid)
[10/16/25 10:20:55] INFO       R2:         train_challenge1_multi_release.py:128
                             Progress                                           
                             150/301 - 150                                      
                             valid, 0                                           
                             corrupted                                          
    Checked 200/301 files... (200 valid)
[10/16/25 10:21:00] INFO       R2:         train_challenge1_multi_release.py:128
                             Progress                                           
                             200/301 - 200                                      
                             valid, 0                                           
                             corrupted                                          
    Checked 250/301 files... (250 valid)
[10/16/25 10:21:05] INFO       R2:         train_challenge1_multi_release.py:128
                             Progress                                           
                             250/301 - 250                                      
                             valid, 0                                           
                             corrupted                                          
    Checked 300/301 files... (300 valid)
[10/16/25 10:21:10] INFO       R2:         train_challenge1_multi_release.py:128
                             Progress                                           
                             300/301 - 300                                      
                             valid, 0                                           
                             corrupted                                          
    âœ… Valid datasets: 301 (skipped 0 corrupted) - 30.6s
                    INFO       R2:         train_challenge1_multi_release.py:144
                             Complete -                                         
                             301 valid, 0                                       
                             corrupted,                                         
                             30.6s                                              
    Preprocessing 301 datasets...
                    INFO       R2:         train_challenge1_multi_release.py:148
                             Starting                                           
                             preprocessing                                      
                             ...                                                
[10/16/25 10:21:13] INFO       R2:         train_challenge1_multi_release.py:163
                             Preprocessing                                      
                             complete                                           
    Datasets with valid trials after preprocessing: 301/301
                    INFO       R2: 301     train_challenge1_multi_release.py:171
                             datasets have                                      
                             valid trials                                       
    Creating windows from trials...
                    INFO       R2:         train_challenge1_multi_release.py:179
                             Creating                                           
                             fixed-length                                       
                             windows...                                         
    Windows created: 68218
                    INFO       R2: Created train_challenge1_multi_release.py:199
                             68218 windows                                      
    Windows: 68218

  [3/4] Loading R3...
                    INFO     Loading        train_challenge1_multi_release.py:96
                             release R3                                         
                             (3/4)                                              
â•­â”€â”€â”€â”€â”€â”€â”€â”€â”€â”€â”€â”€â”€â”€â”€â”€â”€â”€â”€â”€â”€â”€ EEG 2025 Competition Data Notice â”€â”€â”€â”€â”€â”€â”€â”€â”€â”€â”€â”€â”€â”€â”€â”€â”€â”€â”€â”€â”€â”€â•®
â”‚ This object loads the HBN dataset that has been preprocessed for the EEG     â”‚
â”‚ Challenge:                                                                   â”‚
â”‚   * Downsampled from 500Hz to 100Hz                                          â”‚
â”‚   * Bandpass filtered (0.5-50 Hz)                                            â”‚
â”‚                                                                              â”‚
â”‚ For full preprocessing applied for competition details, see:                 â”‚
â”‚   https://github.com/eeg2025/downsample-datasets                             â”‚
â”‚                                                                              â”‚
â”‚ The HBN dataset have some preprocessing applied by the HBN team:             â”‚
â”‚   * Re-reference (Cz Channel)                                                â”‚
â”‚                                                                              â”‚
â”‚ IMPORTANT: The data accessed via `EEGChallengeDataset` is NOT identical to   â”‚
â”‚ what you get from EEGDashDataset directly.                                   â”‚
â”‚ If you are participating in the competition, always use                      â”‚
â”‚ `EEGChallengeDataset` to ensure consistency with the challenge data.         â”‚
â•°â”€â”€â”€â”€â”€â”€â”€â”€â”€â”€â”€â”€â”€â”€â”€â”€â”€â”€â”€â”€â”€â”€â”€â”€ Source: EEGChallengeDataset â”€â”€â”€â”€â”€â”€â”€â”€â”€â”€â”€â”€â”€â”€â”€â”€â”€â”€â”€â”€â”€â”€â”€â”€â”€â•¯
    Datasets: 388
[10/16/25 10:21:15] INFO       R3: Loaded  train_challenge1_multi_release.py:108
                             388 datasets                                       
    Checking for corrupted files in 388 datasets...
                    INFO       R3:         train_challenge1_multi_release.py:115
                             Checking 388                                       
                             files for                                          
                             corruption...                                      
    Checked 50/388 files... (50 valid)
[10/16/25 10:21:20] INFO       R3:         train_challenge1_multi_release.py:128
                             Progress                                           
                             50/388 - 50                                        
                             valid, 0                                           
                             corrupted                                          
    Checked 100/388 files... (100 valid)
[10/16/25 10:21:25] INFO       R3:         train_challenge1_multi_release.py:128
                             Progress                                           
                             100/388 - 100                                      
                             valid, 0                                           
                             corrupted                                          
    Checked 150/388 files... (150 valid)
[10/16/25 10:21:30] INFO       R3:         train_challenge1_multi_release.py:128
                             Progress                                           
                             150/388 - 150                                      
                             valid, 0                                           
                             corrupted                                          
    Checked 200/388 files... (200 valid)
[10/16/25 10:21:34] INFO       R3:         train_challenge1_multi_release.py:128
                             Progress                                           
                             200/388 - 200                                      
                             valid, 0                                           
                             corrupted                                          
    Checked 250/388 files... (250 valid)
[10/16/25 10:21:39] INFO       R3:         train_challenge1_multi_release.py:128
                             Progress                                           
                             250/388 - 250                                      
                             valid, 0                                           
                             corrupted                                          
    Checked 300/388 files... (300 valid)
[10/16/25 10:21:43] INFO       R3:         train_challenge1_multi_release.py:128
                             Progress                                           
                             300/388 - 300                                      
                             valid, 0                                           
                             corrupted                                          
    Checked 350/388 files... (350 valid)
[10/16/25 10:21:49] INFO       R3:         train_challenge1_multi_release.py:128
                             Progress                                           
                             350/388 - 350                                      
                             valid, 0                                           
                             corrupted                                          
    âœ… Valid datasets: 388 (skipped 0 corrupted) - 39.3s
[10/16/25 10:21:52] INFO       R3:         train_challenge1_multi_release.py:144
                             Complete -                                         
                             388 valid, 0                                       
                             corrupted,                                         
                             39.3s                                              
    Preprocessing 388 datasets...
                    INFO       R3:         train_challenge1_multi_release.py:148
                             Starting                                           
                             preprocessing                                      
                             ...                                                
[10/16/25 10:21:56] INFO       R3:         train_challenge1_multi_release.py:163
                             Preprocessing                                      
                             complete                                           
    Datasets with valid trials after preprocessing: 388/388
                    INFO       R3: 388     train_challenge1_multi_release.py:171
                             datasets have                                      
                             valid trials                                       
    Creating windows from trials...
                    INFO       R3:         train_challenge1_multi_release.py:179
                             Creating                                           
                             fixed-length                                       
                             windows...                                         
    Windows created: 83472
                    INFO       R3: Created train_challenge1_multi_release.py:199
                             83472 windows                                      
    Windows: 83472

  [4/4] Loading R4...
                    INFO     Loading        train_challenge1_multi_release.py:96
                             release R4                                         
                             (4/4)                                              
â•­â”€â”€â”€â”€â”€â”€â”€â”€â”€â”€â”€â”€â”€â”€â”€â”€â”€â”€â”€â”€â”€â”€ EEG 2025 Competition Data Notice â”€â”€â”€â”€â”€â”€â”€â”€â”€â”€â”€â”€â”€â”€â”€â”€â”€â”€â”€â”€â”€â”€â•®
â”‚ This object loads the HBN dataset that has been preprocessed for the EEG     â”‚
â”‚ Challenge:                                                                   â”‚
â”‚   * Downsampled from 500Hz to 100Hz                                          â”‚
â”‚   * Bandpass filtered (0.5-50 Hz)                                            â”‚
â”‚                                                                              â”‚
â”‚ For full preprocessing applied for competition details, see:                 â”‚
â”‚   https://github.com/eeg2025/downsample-datasets                             â”‚
â”‚                                                                              â”‚
â”‚ The HBN dataset have some preprocessing applied by the HBN team:             â”‚
â”‚   * Re-reference (Cz Channel)                                                â”‚
â”‚                                                                              â”‚
â”‚ IMPORTANT: The data accessed via `EEGChallengeDataset` is NOT identical to   â”‚
â”‚ what you get from EEGDashDataset directly.                                   â”‚
â”‚ If you are participating in the competition, always use                      â”‚
â”‚ `EEGChallengeDataset` to ensure consistency with the challenge data.         â”‚
â•°â”€â”€â”€â”€â”€â”€â”€â”€â”€â”€â”€â”€â”€â”€â”€â”€â”€â”€â”€â”€â”€â”€â”€â”€ Source: EEGChallengeDataset â”€â”€â”€â”€â”€â”€â”€â”€â”€â”€â”€â”€â”€â”€â”€â”€â”€â”€â”€â”€â”€â”€â”€â”€â”€â•¯
    Datasets: 756
[10/16/25 10:22:00] INFO       R4: Loaded  train_challenge1_multi_release.py:108
                             756 datasets                                       
    Checking for corrupted files in 756 datasets...
                    INFO       R4:         train_challenge1_multi_release.py:115
                             Checking 756                                       
                             files for                                          
                             corruption...                                      
    Checked 50/756 files... (50 valid)
[10/16/25 10:22:03] INFO       R4:         train_challenge1_multi_release.py:128
                             Progress                                           
                             50/756 - 50                                        
                             valid, 0                                           
                             corrupted                                          
    Checked 100/756 files... (100 valid)
[10/16/25 10:22:07] INFO       R4:         train_challenge1_multi_release.py:128
                             Progress                                           
                             100/756 - 100                                      
                             valid, 0                                           
                             corrupted                                          
    Checked 150/756 files... (150 valid)
[10/16/25 10:22:11] INFO       R4:         train_challenge1_multi_release.py:128
                             Progress                                           
                             150/756 - 150                                      
                             valid, 0                                           
                             corrupted                                          
    Checked 200/756 files... (200 valid)
[10/16/25 10:22:15] INFO       R4:         train_challenge1_multi_release.py:128
                             Progress                                           
                             200/756 - 200                                      
                             valid, 0                                           
                             corrupted                                          
    Checked 250/756 files... (250 valid)
[10/16/25 10:22:19] INFO       R4:         train_challenge1_multi_release.py:128
                             Progress                                           
                             250/756 - 250                                      
                             valid, 0                                           
                             corrupted                                          
    Checked 300/756 files... (300 valid)
[10/16/25 10:22:24] INFO       R4:         train_challenge1_multi_release.py:128
                             Progress                                           
                             300/756 - 300                                      
                             valid, 0                                           
                             corrupted                                          
    Checked 350/756 files... (350 valid)
[10/16/25 10:22:29] INFO       R4:         train_challenge1_multi_release.py:128
                             Progress                                           
                             350/756 - 350                                      
                             valid, 0                                           
                             corrupted                                          
    Checked 400/756 files... (400 valid)
[10/16/25 10:22:33] INFO       R4:         train_challenge1_multi_release.py:128
                             Progress                                           
                             400/756 - 400                                      
                             valid, 0                                           
                             corrupted                                          
    Checked 450/756 files... (450 valid)
[10/16/25 10:22:37] INFO       R4:         train_challenge1_multi_release.py:128
                             Progress                                           
                             450/756 - 450                                      
                             valid, 0                                           
                             corrupted                                          
    Checked 500/756 files... (500 valid)
[10/16/25 10:22:42] INFO       R4:         train_challenge1_multi_release.py:128
                             Progress                                           
                             500/756 - 500                                      
                             valid, 0                                           
                             corrupted                                          
    Checked 550/756 files... (550 valid)
[10/16/25 10:22:46] INFO       R4:         train_challenge1_multi_release.py:128
                             Progress                                           
                             550/756 - 550                                      
                             valid, 0                                           
                             corrupted                                          
    Checked 600/756 files... (600 valid)
[10/16/25 10:22:51] INFO       R4:         train_challenge1_multi_release.py:128
                             Progress                                           
                             600/756 - 600                                      
                             valid, 0                                           
                             corrupted                                          
    Checked 650/756 files... (650 valid)
[10/16/25 10:22:55] INFO       R4:         train_challenge1_multi_release.py:128
                             Progress                                           
                             650/756 - 650                                      
                             valid, 0                                           
                             corrupted                                          
    Checked 700/756 files... (700 valid)
[10/16/25 10:23:00] INFO       R4:         train_challenge1_multi_release.py:128
                             Progress                                           
                             700/756 - 700                                      
                             valid, 0                                           
                             corrupted                                          
    Checked 750/756 files... (750 valid)
[10/16/25 10:23:05] INFO       R4:         train_challenge1_multi_release.py:128
                             Progress                                           
                             750/756 - 750                                      
                             valid, 0                                           
                             corrupted                                          
    âœ… Valid datasets: 756 (skipped 0 corrupted) - 68.9s
                    INFO       R4:         train_challenge1_multi_release.py:144
                             Complete -                                         
                             756 valid, 0                                       
                             corrupted,                                         
                             68.9s                                              
    Preprocessing 756 datasets...
                    INFO       R4:         train_challenge1_multi_release.py:148
                             Starting                                           
                             preprocessing                                      
                             ...                                                
[10/16/25 10:23:12] INFO       R4:         train_challenge1_multi_release.py:163
                             Preprocessing                                      
                             complete                                           
    Datasets with valid trials after preprocessing: 753/756
                    INFO       R4: 753     train_challenge1_multi_release.py:171
                             datasets have                                      
                             valid trials                                       
    Creating windows from trials...
                    INFO       R4:         train_challenge1_multi_release.py:179
                             Creating                                           
                             fixed-length                                       
                             windows...                                         
    Windows created: 129627
                    INFO       R4: Created train_challenge1_multi_release.py:199
                             129627                                             
                             windows                                            
    Windows: 129627

âœ… Total windows: 343653
   Releases: {'R2', 'R3', 'R1', 'R4'}

ðŸ“¦ Loading validation data (R5)...

ðŸ“‚ Loading releases: ['R5']
                    INFO     Loading 1      train_challenge1_multi_release.py:92
                             releases:                                          
                             ['R5']                                             

  [1/1] Loading R5...
                    INFO     Loading        train_challenge1_multi_release.py:96
                             release R5                                         
                             (1/1)                                              
â•­â”€â”€â”€â”€â”€â”€â”€â”€â”€â”€â”€â”€â”€â”€â”€â”€â”€â”€â”€â”€â”€â”€ EEG 2025 Competition Data Notice â”€â”€â”€â”€â”€â”€â”€â”€â”€â”€â”€â”€â”€â”€â”€â”€â”€â”€â”€â”€â”€â”€â•®
â”‚ This object loads the HBN dataset that has been preprocessed for the EEG     â”‚
â”‚ Challenge:                                                                   â”‚
â”‚   * Downsampled from 500Hz to 100Hz                                          â”‚
â”‚   * Bandpass filtered (0.5-50 Hz)                                            â”‚
â”‚                                                                              â”‚
â”‚ For full preprocessing applied for competition details, see:                 â”‚
â”‚   https://github.com/eeg2025/downsample-datasets                             â”‚
â”‚                                                                              â”‚
â”‚ The HBN dataset have some preprocessing applied by the HBN team:             â”‚
â”‚   * Re-reference (Cz Channel)                                                â”‚
â”‚                                                                              â”‚
â”‚ IMPORTANT: The data accessed via `EEGChallengeDataset` is NOT identical to   â”‚
â”‚ what you get from EEGDashDataset directly.                                   â”‚
â”‚ If you are participating in the competition, always use                      â”‚
â”‚ `EEGChallengeDataset` to ensure consistency with the challenge data.         â”‚
â•°â”€â”€â”€â”€â”€â”€â”€â”€â”€â”€â”€â”€â”€â”€â”€â”€â”€â”€â”€â”€â”€â”€â”€â”€ Source: EEGChallengeDataset â”€â”€â”€â”€â”€â”€â”€â”€â”€â”€â”€â”€â”€â”€â”€â”€â”€â”€â”€â”€â”€â”€â”€â”€â”€â•¯
    Datasets: 745
[10/16/25 10:23:16] INFO       R5: Loaded  train_challenge1_multi_release.py:108
                             745 datasets                                       
    Checking for corrupted files in 745 datasets...
                    INFO       R5:         train_challenge1_multi_release.py:115
                             Checking 745                                       
                             files for                                          
                             corruption...                                      
    Checked 50/745 files... (50 valid)
[10/16/25 10:23:20] INFO       R5:         train_challenge1_multi_release.py:128
                             Progress                                           
                             50/745 - 50                                        
                             valid, 0                                           
                             corrupted                                          
    Checked 100/745 files... (100 valid)
[10/16/25 10:23:24] INFO       R5:         train_challenge1_multi_release.py:128
                             Progress                                           
                             100/745 - 100                                      
                             valid, 0                                           
                             corrupted                                          
    Checked 150/745 files... (150 valid)
[10/16/25 10:23:28] INFO       R5:         train_challenge1_multi_release.py:128
                             Progress                                           
                             150/745 - 150                                      
                             valid, 0                                           
                             corrupted                                          
    Checked 200/745 files... (200 valid)
[10/16/25 10:23:33] INFO       R5:         train_challenge1_multi_release.py:128
                             Progress                                           
                             200/745 - 200                                      
                             valid, 0                                           
                             corrupted                                          
    Checked 250/745 files... (250 valid)
[10/16/25 10:23:37] INFO       R5:         train_challenge1_multi_release.py:128
                             Progress                                           
                             250/745 - 250                                      
                             valid, 0                                           
                             corrupted                                          
    Checked 300/745 files... (300 valid)
[10/16/25 10:23:42] INFO       R5:         train_challenge1_multi_release.py:128
                             Progress                                           
                             300/745 - 300                                      
                             valid, 0                                           
                             corrupted                                          
    Checked 350/745 files... (350 valid)
[10/16/25 10:23:45] INFO       R5:         train_challenge1_multi_release.py:128
                             Progress                                           
                             350/745 - 350                                      
                             valid, 0                                           
                             corrupted                                          
    Checked 400/745 files... (400 valid)
[10/16/25 10:23:50] INFO       R5:         train_challenge1_multi_release.py:128
                             Progress                                           
                             400/745 - 400                                      
                             valid, 0                                           
                             corrupted                                          
    Checked 450/745 files... (450 valid)
[10/16/25 10:23:53] INFO       R5:         train_challenge1_multi_release.py:128
                             Progress                                           
                             450/745 - 450                                      
                             valid, 0                                           
                             corrupted                                          
    Checked 500/745 files... (500 valid)
[10/16/25 10:23:58] INFO       R5:         train_challenge1_multi_release.py:128
                             Progress                                           
                             500/745 - 500                                      
                             valid, 0                                           
                             corrupted                                          
    Checked 550/745 files... (550 valid)
[10/16/25 10:24:02] INFO       R5:         train_challenge1_multi_release.py:128
                             Progress                                           
                             550/745 - 550                                      
                             valid, 0                                           
                             corrupted                                          
    Checked 600/745 files... (600 valid)
[10/16/25 10:24:05] INFO       R5:         train_challenge1_multi_release.py:128
                             Progress                                           
                             600/745 - 600                                      
                             valid, 0                                           
                             corrupted                                          
    Checked 650/745 files... (650 valid)
[10/16/25 10:24:10] INFO       R5:         train_challenge1_multi_release.py:128
                             Progress                                           
                             650/745 - 650                                      
                             valid, 0                                           
                             corrupted                                          
    Checked 700/745 files... (700 valid)
[10/16/25 10:24:13] INFO       R5:         train_challenge1_multi_release.py:128
                             Progress                                           
                             700/745 - 700                                      
                             valid, 0                                           
                             corrupted                                          
    âœ… Valid datasets: 745 (skipped 0 corrupted) - 64.5s
[10/16/25 10:24:17] INFO       R5:         train_challenge1_multi_release.py:144
                             Complete -                                         
                             745 valid, 0                                       
                             corrupted,                                         
                             64.5s                                              
    Preprocessing 745 datasets...
                    INFO       R5:         train_challenge1_multi_release.py:148
                             Starting                                           
                             preprocessing                                      
                             ...                                                
[10/16/25 10:24:24] INFO       R5:         train_challenge1_multi_release.py:163
                             Preprocessing                                      
                             complete                                           
    Datasets with valid trials after preprocessing: 744/745
                    INFO       R5: 744     train_challenge1_multi_release.py:171
                             datasets have                                      
                             valid trials                                       
    Creating windows from trials...
                    INFO       R5:         train_challenge1_multi_release.py:179
                             Creating                                           
                             fixed-length                                       
                             windows...                                         
    Windows created: 110500
                    INFO       R5: Created train_challenge1_multi_release.py:199
                             110500                                             
                             windows                                            
    Windows: 110500

âœ… Total windows: 110500
   Releases: {'R5'}

ðŸ“Š Dataset sizes:
   Train: 343653 windows
   Val:   110500 windows

================================================================================
ðŸ”¥ Training Multi-Release Model
================================================================================
   Parameters: 74,753

================================================================================
Epoch 1/50
================================================================================
[W1016 10:29:25.096307335 AllocatorConfig.cpp:28] Warning: PYTORCH_CUDA_ALLOC_CONF is deprecated, use PYTORCH_ALLOC_CONF instead (function operator())
[W1016 10:29:26.312705491 AllocatorConfig.cpp:28] Warning: PYTORCH_CUDA_ALLOC_CONF is deprecated, use PYTORCH_ALLOC_CONF instead (function operator())
Train NRMSE: 0.0000
Val NRMSE:   0.0000
âœ… Best model saved (NRMSE: 0.0000)

================================================================================
Epoch 2/50
================================================================================
[W1016 10:29:27.494153909 AllocatorConfig.cpp:28] Warning: PYTORCH_CUDA_ALLOC_CONF is deprecated, use PYTORCH_ALLOC_CONF instead (function operator())
[W1016 10:29:29.088853050 AllocatorConfig.cpp:28] Warning: PYTORCH_CUDA_ALLOC_CONF is deprecated, use PYTORCH_ALLOC_CONF instead (function operator())
[W1016 10:29:30.564357264 AllocatorConfig.cpp:28] Warning: PYTORCH_CUDA_ALLOC_CONF is deprecated, use PYTORCH_ALLOC_CONF instead (function operator())
[W1016 10:29:32.263327833 AllocatorConfig.cpp:28] Warning: PYTORCH_CUDA_ALLOC_CONF is deprecated, use PYTORCH_ALLOC_CONF instead (function operator())
[W1016 10:29:33.814494082 AllocatorConfig.cpp:28] Warning: PYTORCH_CUDA_ALLOC_CONF is deprecated, use PYTORCH_ALLOC_CONF instead (function operator())
[W1016 10:29:35.329661359 AllocatorConfig.cpp:28] Warning: PYTORCH_CUDA_ALLOC_CONF is deprecated, use PYTORCH_ALLOC_CONF instead (function operator())
[W1016 10:29:36.794542184 AllocatorConfig.cpp:28] Warning: PYTORCH_CUDA_ALLOC_CONF is deprecated, use PYTORCH_ALLOC_CONF instead (function operator())
[W1016 10:29:38.280141420 AllocatorConfig.cpp:28] Warning: PYTORCH_CUDA_ALLOC_CONF is deprecated, use PYTORCH_ALLOC_CONF instead (function operator())
[W1016 10:29:39.697516954 AllocatorConfig.cpp:28] Warning: PYTORCH_CUDA_ALLOC_CONF is deprecated, use PYTORCH_ALLOC_CONF instead (function operator())
[W1016 10:29:41.343463351 AllocatorConfig.cpp:28] Warning: PYTORCH_CUDA_ALLOC_CONF is deprecated, use PYTORCH_ALLOC_CONF instead (function operator())
Train NRMSE: 0.0000
Val NRMSE:   0.0000

================================================================================
Epoch 3/50
================================================================================
Train NRMSE: 0.0000
Val NRMSE:   0.0000

================================================================================
Epoch 4/50
================================================================================
Train NRMSE: 0.0000
Val NRMSE:   0.0000

================================================================================
Epoch 5/50
================================================================================
Train NRMSE: 0.0000
Val NRMSE:   0.0000

================================================================================
Epoch 6/50
================================================================================
Train NRMSE: 0.0000
Val NRMSE:   0.0000

================================================================================
Epoch 7/50
================================================================================
Train NRMSE: 0.0000
Val NRMSE:   0.0000

================================================================================
Epoch 8/50
================================================================================
Train NRMSE: 0.0000
Val NRMSE:   0.0000

================================================================================
Epoch 9/50
================================================================================
Train NRMSE: 0.0000
Val NRMSE:   0.0000

================================================================================
Epoch 10/50
================================================================================
Train NRMSE: 0.0000
Val NRMSE:   0.0000

================================================================================
Epoch 11/50
================================================================================
Train NRMSE: 0.0000
Val NRMSE:   0.0000

================================================================================
Epoch 12/50
================================================================================
Train NRMSE: 0.0000
Val NRMSE:   0.0000

================================================================================
Epoch 13/50
================================================================================
Train NRMSE: 0.0000
Val NRMSE:   0.0000

================================================================================
Epoch 14/50
================================================================================
Train NRMSE: 0.0000
Val NRMSE:   0.0000

================================================================================
Epoch 15/50
================================================================================
Train NRMSE: 0.0000
Val NRMSE:   0.0000

================================================================================
Epoch 16/50
================================================================================
Train NRMSE: 0.0000
Val NRMSE:   0.0000

â¹ï¸  Early stopping (no improvement for 15 epochs)

================================================================================
âœ… TRAINING COMPLETE
================================================================================
Best validation NRMSE: 0.0000
Target: < 0.5 (competitive)
Previous (R5 only): 0.47 validation â†’ 4.05 test (10x degradation)
Expected (R1-R5): ~0.70 validation â†’ ~1.4 test (2x better!)
Time: 149.9 minutes
Model saved: weights_challenge_1_multi_release.pt
================================================================================
[10/16/25 12:49:54] INFO     âœ… Training   train_challenge1_multi_release.py:423
                             completed                                          
                             successfully!                                      
                    INFO     âœ… SUCCESS!   train_challenge1_multi_release.py:431
                             Best NRMSE:                                        
                             0.0000                                             
[W1016 12:49:57.846835467 AllocatorConfig.cpp:28] Warning: PYTORCH_CUDA_ALLOC_CONF is deprecated, use PYTORCH_ALLOC_CONF instead (function operator())
