/home/kevin/.local/lib/python3.12/site-packages/pandas/core/arrays/masked.py:61: UserWarning: Pandas requires version '1.3.6' or newer of 'bottleneck' (version '1.3.5' currently installed).
  from pandas.core import (
================================================================================
ðŸš€ MONITORED TRAINING - Challenge 1
================================================================================
âœ… Model loaded, backbone frozen
âœ… Loaded 136 participants with real labels
Challenge 1: Age Prediction
Age range: 5.2 - 21.7
âœ… Using 3000 samples with REAL labels
   Age range: 6.4 - 14.0, mean: 10.4
Train: 2400, Val: 600

================================================================================
ðŸ‹ï¸  TRAINING WITH RESOURCE MONITORING
================================================================================

Epoch 1/3
----------------------------------------
  Train: loss=35.8938, Pearson r=0.0561
  Val:   loss=3.8470, Pearson r=-0.1406
  ðŸ’¤ Sleeping 2s to prevent system overload...

Epoch 2/3
----------------------------------------
  Train: loss=3.8167, Pearson r=-0.0094
  Val:   loss=3.7352, Pearson r=-0.1419
  ðŸ’¤ Sleeping 2s to prevent system overload...

Epoch 3/3
----------------------------------------
  Train: loss=3.6495, Pearson r=0.0415
  Val:   loss=3.6983, Pearson r=-0.1416
  ðŸ’¤ Sleeping 2s to prevent system overload...

================================================================================
âœ… TRAINING COMPLETE!
================================================================================
Best Pearson r: inf
Target: > 0.3 âœ… PASS
