nohup: ignoring input
2025-10-16 11:06:41,316 - INFO - ================================================================================
2025-10-16 11:06:41,317 - INFO - 🚀 Challenge 2 Training Started
2025-10-16 11:06:41,317 - INFO - Crash log: logs/challenge2_crash_20251016_110641.log
2025-10-16 11:06:41,317 - INFO - ================================================================================
================================================================================
🎯 CHALLENGE 2: MULTI-RELEASE EXTERNALIZING PREDICTION
================================================================================
Training on: R1, R2, R3, R4
Validation on: R5
Expected improvement: 14x better generalization
================================================================================
[10/16/25 11:06:47] INFO     Starting main train_challenge2_multi_release.py:411
                             training                                           
                             pipeline...                                        

📦 Loading training data (R1-R4)...

📂 Loading releases: ['R1', 'R2', 'R3', 'R4']
                    INFO     Loading 4      train_challenge2_multi_release.py:84
                             releases:                                          
                             ['R1', 'R2',                                       
                             'R3', 'R4']                                        

  [1/4] Loading R1...
                    INFO     Loading        train_challenge2_multi_release.py:88
                             release R1                                         
                             (1/4)                                              
╭────────────────────── EEG 2025 Competition Data Notice ──────────────────────╮
│ This object loads the HBN dataset that has been preprocessed for the EEG     │
│ Challenge:                                                                   │
│   * Downsampled from 500Hz to 100Hz                                          │
│   * Bandpass filtered (0.5-50 Hz)                                            │
│                                                                              │
│ For full preprocessing applied for competition details, see:                 │
│   https://github.com/eeg2025/downsample-datasets                             │
│                                                                              │
│ The HBN dataset have some preprocessing applied by the HBN team:             │
│   * Re-reference (Cz Channel)                                                │
│                                                                              │
│ IMPORTANT: The data accessed via `EEGChallengeDataset` is NOT identical to   │
│ what you get from EEGDashDataset directly.                                   │
│ If you are participating in the competition, always use                      │
│ `EEGChallengeDataset` to ensure consistency with the challenge data.         │
╰──────────────────────── Source: EEGChallengeDataset ─────────────────────────╯
    Datasets: 136
[10/16/25 11:06:48] INFO       R1: Loaded  train_challenge2_multi_release.py:101
                             136 datasets                                       
    Checking for corrupted files in 136 datasets...
                    INFO       R1:         train_challenge2_multi_release.py:108
                             Checking 136                                       
                             files for                                          
                             corruption...                                      
    Checked 50/136 files... (50 valid)
[10/16/25 11:06:57] INFO       R1:         train_challenge2_multi_release.py:121
                             Progress                                           
                             50/136 - 50                                        
                             valid, 0                                           
                             corrupted                                          
    Checked 100/136 files... (100 valid)
[10/16/25 11:07:05] INFO       R1:         train_challenge2_multi_release.py:121
                             Progress                                           
                             100/136 - 100                                      
                             valid, 0                                           
                             corrupted                                          
    ✅ Valid datasets: 136 (skipped 0 corrupted) - 22.6s
[10/16/25 11:07:10] INFO       R1:         train_challenge2_multi_release.py:137
                             Complete -                                         
                             136 valid, 0                                       
                             corrupted,                                         
                             22.6s                                              
    Creating windows from continuous data...
                    INFO       R1:         train_challenge2_multi_release.py:144
                             Creating                                           
                             fixed-length                                       
                             windows...                                         
    Windows created: 57648
                    INFO       R1: Created train_challenge2_multi_release.py:165
                             57648 windows                                      
    Windows: 57648

  [2/4] Loading R2...
                    INFO     Loading        train_challenge2_multi_release.py:88
                             release R2                                         
                             (2/4)                                              
╭────────────────────── EEG 2025 Competition Data Notice ──────────────────────╮
│ This object loads the HBN dataset that has been preprocessed for the EEG     │
│ Challenge:                                                                   │
│   * Downsampled from 500Hz to 100Hz                                          │
│   * Bandpass filtered (0.5-50 Hz)                                            │
│                                                                              │
│ For full preprocessing applied for competition details, see:                 │
│   https://github.com/eeg2025/downsample-datasets                             │
│                                                                              │
│ The HBN dataset have some preprocessing applied by the HBN team:             │
│   * Re-reference (Cz Channel)                                                │
│                                                                              │
│ IMPORTANT: The data accessed via `EEGChallengeDataset` is NOT identical to   │
│ what you get from EEGDashDataset directly.                                   │
│ If you are participating in the competition, always use                      │
│ `EEGChallengeDataset` to ensure consistency with the challenge data.         │
╰──────────────────────── Source: EEGChallengeDataset ─────────────────────────╯
    Datasets: 150
                    INFO       R2: Loaded  train_challenge2_multi_release.py:101
                             150 datasets                                       
    Checking for corrupted files in 150 datasets...
                    INFO       R2:         train_challenge2_multi_release.py:108
                             Checking 150                                       
                             files for                                          
                             corruption...                                      
    Checked 50/150 files... (50 valid)
[10/16/25 11:07:18] INFO       R2:         train_challenge2_multi_release.py:121
                             Progress                                           
                             50/150 - 50                                        
                             valid, 0                                           
                             corrupted                                          
    Checked 100/150 files... (100 valid)
[10/16/25 11:07:25] INFO       R2:         train_challenge2_multi_release.py:121
                             Progress                                           
                             100/150 - 100                                      
                             valid, 0                                           
                             corrupted                                          
    Checked 150/150 files... (150 valid)
[10/16/25 11:07:33] INFO       R2:         train_challenge2_multi_release.py:121
                             Progress                                           
                             150/150 - 150                                      
                             valid, 0                                           
                             corrupted                                          
    ✅ Valid datasets: 150 (skipped 0 corrupted) - 23.6s
                    INFO       R2:         train_challenge2_multi_release.py:137
                             Complete -                                         
                             150 valid, 0                                       
                             corrupted,                                         
                             23.6s                                              
    Creating windows from continuous data...
                    INFO       R2:         train_challenge2_multi_release.py:144
                             Creating                                           
                             fixed-length                                       
                             windows...                                         
    Windows created: 65619
[10/16/25 11:07:34] INFO       R2: Created train_challenge2_multi_release.py:165
                             65619 windows                                      
    Windows: 65619

  [3/4] Loading R3...
                    INFO     Loading        train_challenge2_multi_release.py:88
                             release R3                                         
                             (3/4)                                              
╭────────────────────── EEG 2025 Competition Data Notice ──────────────────────╮
│ This object loads the HBN dataset that has been preprocessed for the EEG     │
│ Challenge:                                                                   │
│   * Downsampled from 500Hz to 100Hz                                          │
│   * Bandpass filtered (0.5-50 Hz)                                            │
│                                                                              │
│ For full preprocessing applied for competition details, see:                 │
│   https://github.com/eeg2025/downsample-datasets                             │
│                                                                              │
│ The HBN dataset have some preprocessing applied by the HBN team:             │
│   * Re-reference (Cz Channel)                                                │
│                                                                              │
│ IMPORTANT: The data accessed via `EEGChallengeDataset` is NOT identical to   │
│ what you get from EEGDashDataset directly.                                   │
│ If you are participating in the competition, always use                      │
│ `EEGChallengeDataset` to ensure consistency with the challenge data.         │
╰──────────────────────── Source: EEGChallengeDataset ─────────────────────────╯
    Datasets: 184
                    INFO       R3: Loaded  train_challenge2_multi_release.py:101
                             184 datasets                                       
    Checking for corrupted files in 184 datasets...
                    INFO       R3:         train_challenge2_multi_release.py:108
                             Checking 184                                       
                             files for                                          
                             corruption...                                      
    Checked 50/184 files... (50 valid)
[10/16/25 11:07:42] INFO       R3:         train_challenge2_multi_release.py:121
                             Progress                                           
                             50/184 - 50                                        
                             valid, 0                                           
                             corrupted                                          
    Checked 100/184 files... (100 valid)
[10/16/25 11:07:49] INFO       R3:         train_challenge2_multi_release.py:121
                             Progress                                           
                             100/184 - 100                                      
                             valid, 0                                           
                             corrupted                                          
    Checked 150/184 files... (150 valid)
[10/16/25 11:07:56] INFO       R3:         train_challenge2_multi_release.py:121
                             Progress                                           
                             150/184 - 150                                      
                             valid, 0                                           
                             corrupted                                          
    ✅ Valid datasets: 184 (skipped 0 corrupted) - 26.6s
[10/16/25 11:08:00] INFO       R3:         train_challenge2_multi_release.py:137
                             Complete -                                         
                             184 valid, 0                                       
                             corrupted,                                         
                             26.6s                                              
    Creating windows from continuous data...
                    INFO       R3:         train_challenge2_multi_release.py:144
                             Creating                                           
                             fixed-length                                       
                             windows...                                         
    Windows created: 79058
[10/16/25 11:08:01] INFO       R3: Created train_challenge2_multi_release.py:165
                             79058 windows                                      
    Windows: 79058

  [4/4] Loading R4...
                    INFO     Loading        train_challenge2_multi_release.py:88
                             release R4                                         
                             (4/4)                                              
╭────────────────────── EEG 2025 Competition Data Notice ──────────────────────╮
│ This object loads the HBN dataset that has been preprocessed for the EEG     │
│ Challenge:                                                                   │
│   * Downsampled from 500Hz to 100Hz                                          │
│   * Bandpass filtered (0.5-50 Hz)                                            │
│                                                                              │
│ For full preprocessing applied for competition details, see:                 │
│   https://github.com/eeg2025/downsample-datasets                             │
│                                                                              │
│ The HBN dataset have some preprocessing applied by the HBN team:             │
│   * Re-reference (Cz Channel)                                                │
│                                                                              │
│ IMPORTANT: The data accessed via `EEGChallengeDataset` is NOT identical to   │
│ what you get from EEGDashDataset directly.                                   │
│ If you are participating in the competition, always use                      │
│ `EEGChallengeDataset` to ensure consistency with the challenge data.         │
╰──────────────────────── Source: EEGChallengeDataset ─────────────────────────╯
    Datasets: 322
[10/16/25 11:08:02] INFO       R4: Loaded  train_challenge2_multi_release.py:101
                             322 datasets                                       
    Checking for corrupted files in 322 datasets...
                    INFO       R4:         train_challenge2_multi_release.py:108
                             Checking 322                                       
                             files for                                          
                             corruption...                                      
    Checked 50/322 files... (50 valid)
[10/16/25 11:08:08] INFO       R4:         train_challenge2_multi_release.py:121
                             Progress                                           
                             50/322 - 50                                        
                             valid, 0                                           
                             corrupted                                          
    Checked 100/322 files... (100 valid)
[10/16/25 11:08:13] INFO       R4:         train_challenge2_multi_release.py:121
                             Progress                                           
                             100/322 - 100                                      
                             valid, 0                                           
                             corrupted                                          
    Checked 150/322 files... (150 valid)
[10/16/25 11:08:19] INFO       R4:         train_challenge2_multi_release.py:121
                             Progress                                           
                             150/322 - 150                                      
                             valid, 0                                           
                             corrupted                                          
    Checked 200/322 files... (200 valid)
[10/16/25 11:08:25] INFO       R4:         train_challenge2_multi_release.py:121
                             Progress                                           
                             200/322 - 200                                      
                             valid, 0                                           
                             corrupted                                          
    Checked 250/322 files... (250 valid)
[10/16/25 11:08:30] INFO       R4:         train_challenge2_multi_release.py:121
                             Progress                                           
                             250/322 - 250                                      
                             valid, 0                                           
                             corrupted                                          
    Checked 300/322 files... (300 valid)
[10/16/25 11:08:37] INFO       R4:         train_challenge2_multi_release.py:121
                             Progress                                           
                             300/322 - 300                                      
                             valid, 0                                           
                             corrupted                                          
    ✅ Valid datasets: 322 (skipped 0 corrupted) - 38.5s
[10/16/25 11:08:39] INFO       R4:         train_challenge2_multi_release.py:137
                             Complete -                                         
                             322 valid, 0                                       
                             corrupted,                                         
                             38.5s                                              
    Creating windows from continuous data...
                    INFO       R4:         train_challenge2_multi_release.py:144
                             Creating                                           
                             fixed-length                                       
                             windows...                                         
    Windows created: 128697
                    INFO       R4: Created train_challenge2_multi_release.py:165
                             128697                                             
                             windows                                            
    Windows: 128697

✅ Total windows: 331022
   Releases: {'R1', 'R4', 'R3', 'R2'}

📦 Loading validation data (R5)...

📂 Loading releases: ['R5']
                    INFO     Loading 1      train_challenge2_multi_release.py:84
                             releases:                                          
                             ['R5']                                             

  [1/1] Loading R5...
                    INFO     Loading        train_challenge2_multi_release.py:88
                             release R5                                         
                             (1/1)                                              
╭────────────────────── EEG 2025 Competition Data Notice ──────────────────────╮
│ This object loads the HBN dataset that has been preprocessed for the EEG     │
│ Challenge:                                                                   │
│   * Downsampled from 500Hz to 100Hz                                          │
│   * Bandpass filtered (0.5-50 Hz)                                            │
│                                                                              │
│ For full preprocessing applied for competition details, see:                 │
│   https://github.com/eeg2025/downsample-datasets                             │
│                                                                              │
│ The HBN dataset have some preprocessing applied by the HBN team:             │
│   * Re-reference (Cz Channel)                                                │
│                                                                              │
│ IMPORTANT: The data accessed via `EEGChallengeDataset` is NOT identical to   │
│ what you get from EEGDashDataset directly.                                   │
│ If you are participating in the competition, always use                      │
│ `EEGChallengeDataset` to ensure consistency with the challenge data.         │
╰──────────────────────── Source: EEGChallengeDataset ─────────────────────────╯
    Datasets: 329
[10/16/25 11:08:41] INFO       R5: Loaded  train_challenge2_multi_release.py:101
                             329 datasets                                       
    Checking for corrupted files in 329 datasets...
                    INFO       R5:         train_challenge2_multi_release.py:108
                             Checking 329                                       
                             files for                                          
                             corruption...                                      
    Checked 50/329 files... (50 valid)
[10/16/25 11:08:46] INFO       R5:         train_challenge2_multi_release.py:121
                             Progress                                           
                             50/329 - 50                                        
                             valid, 0                                           
                             corrupted                                          
    Checked 100/329 files... (100 valid)
[10/16/25 11:08:52] INFO       R5:         train_challenge2_multi_release.py:121
                             Progress                                           
                             100/329 - 100                                      
                             valid, 0                                           
                             corrupted                                          
    Checked 150/329 files... (150 valid)
[10/16/25 11:08:57] INFO       R5:         train_challenge2_multi_release.py:121
                             Progress                                           
                             150/329 - 150                                      
                             valid, 0                                           
                             corrupted                                          
    Checked 200/329 files... (200 valid)
[10/16/25 11:09:03] INFO       R5:         train_challenge2_multi_release.py:121
                             Progress                                           
                             200/329 - 200                                      
                             valid, 0                                           
                             corrupted                                          
    Checked 250/329 files... (250 valid)
[10/16/25 11:09:09] INFO       R5:         train_challenge2_multi_release.py:121
                             Progress                                           
                             250/329 - 250                                      
                             valid, 0                                           
                             corrupted                                          
    Checked 300/329 files... (300 valid)
[10/16/25 11:09:14] INFO       R5:         train_challenge2_multi_release.py:121
                             Progress                                           
                             300/329 - 300                                      
                             valid, 0                                           
                             corrupted                                          
    ✅ Valid datasets: 329 (skipped 0 corrupted) - 38.6s
[10/16/25 11:09:18] INFO       R5:         train_challenge2_multi_release.py:137
                             Complete -                                         
                             329 valid, 0                                       
                             corrupted,                                         
                             38.6s                                              
    Creating windows from continuous data...
                    INFO       R5:         train_challenge2_multi_release.py:144
                             Creating                                           
                             fixed-length                                       
                             windows...                                         
    Windows created: 136164
                    INFO       R5: Created train_challenge2_multi_release.py:165
                             136164                                             
                             windows                                            
    Windows: 136164

✅ Total windows: 136164
   Releases: {'R5'}

📊 Dataset sizes:
   Train: 331022 windows
   Val:   136164 windows

================================================================================
🔥 Training Multi-Release Model
================================================================================
   Parameters: 64,001

================================================================================
Epoch 1/50
================================================================================
Train NRMSE: 0.0000
Val NRMSE:   0.0000
✅ Best model saved (NRMSE: 0.0000)

================================================================================
Epoch 2/50
================================================================================
Train NRMSE: 0.0000
Val NRMSE:   0.0000

================================================================================
Epoch 3/50
================================================================================
Train NRMSE: 0.0000
Val NRMSE:   0.0000

================================================================================
Epoch 4/50
================================================================================
Train NRMSE: 0.0000
Val NRMSE:   0.0000

================================================================================
Epoch 5/50
================================================================================
Train NRMSE: 0.0000
Val NRMSE:   0.0000

================================================================================
Epoch 6/50
================================================================================
Train NRMSE: 0.0000
Val NRMSE:   0.0000

================================================================================
Epoch 7/50
================================================================================
Train NRMSE: 0.0000
Val NRMSE:   0.0000

================================================================================
Epoch 8/50
================================================================================
Train NRMSE: 0.0000
Val NRMSE:   0.0000

================================================================================
Epoch 9/50
================================================================================
Train NRMSE: 0.0000
Val NRMSE:   0.0000

================================================================================
Epoch 10/50
================================================================================
