================================================================================
ðŸ”„ 5-FOLD CROSS-VALIDATION - CHALLENGE 1
================================================================================
/home/kevin/.local/lib/python3.12/site-packages/pandas/core/arrays/masked.py:61: UserWarning: Pandas requires version '1.3.6' or newer of 'bottleneck' (version '1.3.5' currently installed).
  from pandas.core import (
================================================================================
ðŸŽ¯ CHALLENGE 1: RESPONSE TIME PREDICTION (CCD TASK)
================================================================================
Competition: https://eeg2025.github.io/
Metric: NRMSE (target < 0.5)
Device: CPU
================================================================================

ðŸ“‚ Loading dataset...

ðŸ“‹ Loading CCD data...
   Found 20 subjects
/home/kevin/.local/lib/python3.12/site-packages/matplotlib/projections/__init__.py:63: UserWarning: Unable to import Axes3D. This may be due to multiple versions of Matplotlib being installed (e.g. as a system package and as a pip package). As a result, the 3D projection is not available.
  warnings.warn("Unable to import Axes3D. This may be due to multiple versions of "
   âœ… sub-NDARAH793FBF/sub-NDARAH793FBF_task-contrastChangeDetection_run-1_eeg.bdf: 25 trials
   âœ… sub-NDARAH793FBF/sub-NDARAH793FBF_task-contrastChangeDetection_run-2_eeg.bdf: 25 trials
   âœ… sub-NDARAH793FBF/sub-NDARAH793FBF_task-contrastChangeDetection_run-3_eeg.bdf: 25 trials
   âœ… sub-NDARAJ689BVN/sub-NDARAJ689BVN_task-contrastChangeDetection_run-1_eeg.bdf: 25 trials
   âœ… sub-NDARAJ689BVN/sub-NDARAJ689BVN_task-contrastChangeDetection_run-3_eeg.bdf: 25 trials
   âœ… sub-NDARAJ689BVN/sub-NDARAJ689BVN_task-contrastChangeDetection_run-2_eeg.bdf: 25 trials
   âœ… sub-NDARAP785CTE/sub-NDARAP785CTE_task-contrastChangeDetection_run-3_eeg.bdf: 25 trials
   âœ… sub-NDARAP785CTE/sub-NDARAP785CTE_task-contrastChangeDetection_run-2_eeg.bdf: 25 trials
   âœ… sub-NDARAP785CTE/sub-NDARAP785CTE_task-contrastChangeDetection_run-1_eeg.bdf: 25 trials
   âœ… sub-NDARAU708TL8/sub-NDARAU708TL8_task-contrastChangeDetection_run-3_eeg.bdf: 25 trials
   âœ… sub-NDARAU708TL8/sub-NDARAU708TL8_task-contrastChangeDetection_run-2_eeg.bdf: 25 trials
   âœ… sub-NDARAU708TL8/sub-NDARAU708TL8_task-contrastChangeDetection_run-1_eeg.bdf: 25 trials
   âœ… sub-NDARBE091BGD/sub-NDARBE091BGD_task-contrastChangeDetection_run-1_eeg.bdf: 25 trials
   âœ… sub-NDARBE091BGD/sub-NDARBE091BGD_task-contrastChangeDetection_run-2_eeg.bdf: 25 trials
   âœ… sub-NDARBE091BGD/sub-NDARBE091BGD_task-contrastChangeDetection_run-3_eeg.bdf: 25 trials
   âœ… sub-NDARBE103DHM/sub-NDARBE103DHM_task-contrastChangeDetection_run-1_eeg.bdf: 25 trials
   âœ… sub-NDARBE103DHM/sub-NDARBE103DHM_task-contrastChangeDetection_run-2_eeg.bdf: 25 trials
   âœ… sub-NDARBE103DHM/sub-NDARBE103DHM_task-contrastChangeDetection_run-3_eeg.bdf: 25 trials
   âœ… sub-NDARBF851NH6/sub-NDARBF851NH6_task-contrastChangeDetection_run-1_eeg.bdf: 25 trials
   âœ… sub-NDARBF851NH6/sub-NDARBF851NH6_task-contrastChangeDetection_run-2_eeg.bdf: 25 trials
   âœ… sub-NDARBF851NH6/sub-NDARBF851NH6_task-contrastChangeDetection_run-3_eeg.bdf: 25 trials
   âœ… sub-NDARBH228RDW/sub-NDARBH228RDW_task-contrastChangeDetection_run-1_eeg.bdf: 25 trials
   âœ… sub-NDARBH228RDW/sub-NDARBH228RDW_task-contrastChangeDetection_run-3_eeg.bdf: 25 trials
   âœ… sub-NDARBH228RDW/sub-NDARBH228RDW_task-contrastChangeDetection_run-2_eeg.bdf: 25 trials
   âœ… sub-NDARBJ674TVU/sub-NDARBJ674TVU_task-contrastChangeDetection_run-1_eeg.bdf: 25 trials
   âœ… sub-NDARBJ674TVU/sub-NDARBJ674TVU_task-contrastChangeDetection_run-2_eeg.bdf: 25 trials
   âœ… sub-NDARBJ674TVU/sub-NDARBJ674TVU_task-contrastChangeDetection_run-3_eeg.bdf: 25 trials
   âœ… sub-NDARBM433VER/sub-NDARBM433VER_task-contrastChangeDetection_run-3_eeg.bdf: 25 trials
   âœ… sub-NDARBM433VER/sub-NDARBM433VER_task-contrastChangeDetection_run-1_eeg.bdf: 25 trials
   âœ… sub-NDARBM433VER/sub-NDARBM433VER_task-contrastChangeDetection_run-2_eeg.bdf: 25 trials
   âœ… sub-NDARCA740UC8/sub-NDARCA740UC8_task-contrastChangeDetection_run-3_eeg.bdf: 25 trials
   âœ… sub-NDARCA740UC8/sub-NDARCA740UC8_task-contrastChangeDetection_run-1_eeg.bdf: 25 trials
   âœ… sub-NDARCA740UC8/sub-NDARCA740UC8_task-contrastChangeDetection_run-2_eeg.bdf: 25 trials
   âœ… sub-NDARCU633GCZ/sub-NDARCU633GCZ_task-contrastChangeDetection_run-2_eeg.bdf: 25 trials
   âœ… sub-NDARCU633GCZ/sub-NDARCU633GCZ_task-contrastChangeDetection_run-3_eeg.bdf: 25 trials
   âœ… sub-NDARCU633GCZ/sub-NDARCU633GCZ_task-contrastChangeDetection_run-1_eeg.bdf: 25 trials
   âœ… sub-NDARCU736GZ1/sub-NDARCU736GZ1_task-contrastChangeDetection_run-2_eeg.bdf: 25 trials
   âœ… sub-NDARCU736GZ1/sub-NDARCU736GZ1_task-contrastChangeDetection_run-3_eeg.bdf: 25 trials
   âœ… sub-NDARCU736GZ1/sub-NDARCU736GZ1_task-contrastChangeDetection_run-1_eeg.bdf: 25 trials
   âœ… sub-NDARCU744XWL/sub-NDARCU744XWL_task-contrastChangeDetection_run-2_eeg.bdf: 25 trials
   âœ… sub-NDARCU744XWL/sub-NDARCU744XWL_task-contrastChangeDetection_run-1_eeg.bdf: 25 trials
   âœ… sub-NDARCU744XWL/sub-NDARCU744XWL_task-contrastChangeDetection_run-3_eeg.bdf: 25 trials
   âœ… sub-NDARDC843HHM/sub-NDARDC843HHM_task-contrastChangeDetection_run-3_eeg.bdf: 25 trials
   âœ… sub-NDARDC843HHM/sub-NDARDC843HHM_task-contrastChangeDetection_run-1_eeg.bdf: 25 trials
   âœ… sub-NDARDC843HHM/sub-NDARDC843HHM_task-contrastChangeDetection_run-2_eeg.bdf: 25 trials
   âœ… sub-NDARDH086ZKK/sub-NDARDH086ZKK_task-contrastChangeDetection_run-2_eeg.bdf: 25 trials
   âœ… sub-NDARDH086ZKK/sub-NDARDH086ZKK_task-contrastChangeDetection_run-1_eeg.bdf: 25 trials
   âœ… sub-NDARDH086ZKK/sub-NDARDH086ZKK_task-contrastChangeDetection_run-3_eeg.bdf: 25 trials
   âœ… sub-NDARDL305BT8/sub-NDARDL305BT8_task-contrastChangeDetection_run-1_eeg.bdf: 25 trials

ðŸ“Š Total segments: 420
   Response Time: mean=3.545s, std=1.552s
   Range: [0.100, 4.980]s
   Total samples: 420

ðŸ”„ Running 5-fold cross-validation...
================================================================================

ðŸ“ Fold 1/5
   Train samples: 336
   Val samples: 84
   ðŸ”¥ Training... âœ“ (2.5s)
   ðŸ“Š Best NRMSE: 1.2900
   âš ï¸  Above target (0.5)

ðŸ“ Fold 2/5
   Train samples: 336
   Val samples: 84
   ðŸ”¥ Training... âœ“ (1.8s)
   ðŸ“Š Best NRMSE: 0.9855
   âš ï¸  Above target (0.5)

ðŸ“ Fold 3/5
   Train samples: 336
   Val samples: 84
   ðŸ”¥ Training... âœ“ (1.2s)
   ðŸ“Š Best NRMSE: 1.0086
   âš ï¸  Above target (0.5)

ðŸ“ Fold 4/5
   Train samples: 336
   Val samples: 84
   ðŸ”¥ Training... âœ“ (1.5s)
   ðŸ“Š Best NRMSE: 0.9507
   âš ï¸  Above target (0.5)

ðŸ“ Fold 5/5
   Train samples: 336
   Val samples: 84
   ðŸ”¥ Training... âœ“ (1.0s)
   ðŸ“Š Best NRMSE: 1.0305
   âš ï¸  Above target (0.5)

================================================================================
ðŸ“Š CROSS-VALIDATION RESULTS
================================================================================

Fold Results:
   Fold 1: 1.2900 âš ï¸
   Fold 2: 0.9855 âš ï¸
   Fold 3: 1.0086 âš ï¸
   Fold 4: 0.9507 âš ï¸
   Fold 5: 1.0305 âš ï¸

ðŸ“ˆ Statistics:
   Mean NRMSE: 1.0530
   Std NRMSE:  0.1214
   Min NRMSE:  0.9507
   Max NRMSE:  1.2900

â±ï¸  Total time: 0.3 minutes

ðŸ’¾ Results saved to: results/challenge1_crossval.txt

âš ï¸  Model needs improvement: Mean NRMSE 1.0530 > 0.5

================================================================================
âœ… CROSS-VALIDATION COMPLETE!
================================================================================
