nohup: ignoring input
2025-10-16 14:11:28,965 - INFO - ================================================================================
2025-10-16 14:11:28,965 - INFO - 🚀 Challenge 1 Training Started
2025-10-16 14:11:28,965 - INFO - Crash log: logs/challenge1_crash_20251016_141128.log
2025-10-16 14:11:28,965 - INFO - ================================================================================
================================================================================
🎯 CHALLENGE 1: MULTI-RELEASE RESPONSE TIME PREDICTION
================================================================================
Training on: R1, R2, R3, R4
Validation on: R5
Expected improvement: 10x better generalization
================================================================================
[10/16/25 14:11:33] INFO     Starting main train_challenge1_multi_release.py:455
                             training                                           
                             pipeline...                                        

📦 Loading training data (R1-R4)...

📂 Loading releases: ['R1', 'R2', 'R3', 'R4']
                    INFO     Loading 4      train_challenge1_multi_release.py:92
                             releases:                                          
                             ['R1', 'R2',                                       
                             'R3', 'R4']                                        

  [1/4] Loading R1...
                    INFO     Loading        train_challenge1_multi_release.py:96
                             release R1                                         
                             (1/4)                                              
╭────────────────────── EEG 2025 Competition Data Notice ──────────────────────╮
│ This object loads the HBN dataset that has been preprocessed for the EEG     │
│ Challenge:                                                                   │
│   * Downsampled from 500Hz to 100Hz                                          │
│   * Bandpass filtered (0.5-50 Hz)                                            │
│                                                                              │
│ For full preprocessing applied for competition details, see:                 │
│   https://github.com/eeg2025/downsample-datasets                             │
│                                                                              │
│ The HBN dataset have some preprocessing applied by the HBN team:             │
│   * Re-reference (Cz Channel)                                                │
│                                                                              │
│ IMPORTANT: The data accessed via `EEGChallengeDataset` is NOT identical to   │
│ what you get from EEGDashDataset directly.                                   │
│ If you are participating in the competition, always use                      │
│ `EEGChallengeDataset` to ensure consistency with the challenge data.         │
╰──────────────────────── Source: EEGChallengeDataset ─────────────────────────╯
    Datasets: 293
[10/16/25 14:11:35] INFO       R1: Loaded  train_challenge1_multi_release.py:108
                             293 datasets                                       
    Checking for corrupted files in 293 datasets...
                    INFO       R1:         train_challenge1_multi_release.py:115
                             Checking 293                                       
                             files for                                          
                             corruption...                                      
    Checked 50/293 files... (50 valid)
[10/16/25 14:11:41] INFO       R1:         train_challenge1_multi_release.py:128
                             Progress                                           
                             50/293 - 50                                        
                             valid, 0                                           
                             corrupted                                          
    Checked 100/293 files... (100 valid)
[10/16/25 14:11:45] INFO       R1:         train_challenge1_multi_release.py:128
                             Progress                                           
                             100/293 - 100                                      
                             valid, 0                                           
                             corrupted                                          
    Checked 150/293 files... (150 valid)
[10/16/25 14:11:50] INFO       R1:         train_challenge1_multi_release.py:128
                             Progress                                           
                             150/293 - 150                                      
                             valid, 0                                           
                             corrupted                                          
    Checked 200/293 files... (200 valid)
[10/16/25 14:11:55] INFO       R1:         train_challenge1_multi_release.py:128
                             Progress                                           
                             200/293 - 200                                      
                             valid, 0                                           
                             corrupted                                          
    Checked 250/293 files... (250 valid)
[10/16/25 14:12:00] INFO       R1:         train_challenge1_multi_release.py:128
                             Progress                                           
                             250/293 - 250                                      
                             valid, 0                                           
                             corrupted                                          
    ✅ Valid datasets: 293 (skipped 0 corrupted) - 30.4s
[10/16/25 14:12:04] INFO       R1:         train_challenge1_multi_release.py:144
                             Complete -                                         
                             293 valid, 0                                       
                             corrupted,                                         
                             30.4s                                              
    Preprocessing 293 datasets...
                    INFO       R1:         train_challenge1_multi_release.py:148
                             Starting                                           
                             preprocessing                                      
                             ...                                                
[10/16/25 14:12:16] INFO       R1:         train_challenge1_multi_release.py:163
                             Preprocessing                                      
                             complete                                           
    Datasets with valid trials after preprocessing: 293/293
                    INFO       R1: 293     train_challenge1_multi_release.py:171
                             datasets have                                      
                             valid trials                                       
    Creating windows from trials...
                    INFO       R1:         train_challenge1_multi_release.py:179
                             Creating                                           
                             fixed-length                                       
                             windows...                                         
    Windows created: 62336
                    INFO       R1: Created train_challenge1_multi_release.py:199
                             62336 windows                                      
    Windows: 62336

  [2/4] Loading R2...
                    INFO     Loading        train_challenge1_multi_release.py:96
                             release R2                                         
                             (2/4)                                              
╭────────────────────── EEG 2025 Competition Data Notice ──────────────────────╮
│ This object loads the HBN dataset that has been preprocessed for the EEG     │
│ Challenge:                                                                   │
│   * Downsampled from 500Hz to 100Hz                                          │
│   * Bandpass filtered (0.5-50 Hz)                                            │
│                                                                              │
│ For full preprocessing applied for competition details, see:                 │
│   https://github.com/eeg2025/downsample-datasets                             │
│                                                                              │
│ The HBN dataset have some preprocessing applied by the HBN team:             │
│   * Re-reference (Cz Channel)                                                │
│                                                                              │
│ IMPORTANT: The data accessed via `EEGChallengeDataset` is NOT identical to   │
│ what you get from EEGDashDataset directly.                                   │
│ If you are participating in the competition, always use                      │
│ `EEGChallengeDataset` to ensure consistency with the challenge data.         │
╰──────────────────────── Source: EEGChallengeDataset ─────────────────────────╯
    Datasets: 301
[10/16/25 14:12:18] INFO       R2: Loaded  train_challenge1_multi_release.py:108
                             301 datasets                                       
    Checking for corrupted files in 301 datasets...
                    INFO       R2:         train_challenge1_multi_release.py:115
                             Checking 301                                       
                             files for                                          
                             corruption...                                      
    Checked 50/301 files... (50 valid)
[10/16/25 14:12:23] INFO       R2:         train_challenge1_multi_release.py:128
                             Progress                                           
                             50/301 - 50                                        
                             valid, 0                                           
                             corrupted                                          
    Checked 100/301 files... (100 valid)
[10/16/25 14:12:28] INFO       R2:         train_challenge1_multi_release.py:128
                             Progress                                           
                             100/301 - 100                                      
                             valid, 0                                           
                             corrupted                                          
    Checked 150/301 files... (150 valid)
[10/16/25 14:12:33] INFO       R2:         train_challenge1_multi_release.py:128
                             Progress                                           
                             150/301 - 150                                      
                             valid, 0                                           
                             corrupted                                          
    Checked 200/301 files... (200 valid)
[10/16/25 14:12:38] INFO       R2:         train_challenge1_multi_release.py:128
                             Progress                                           
                             200/301 - 200                                      
                             valid, 0                                           
                             corrupted                                          
    Checked 250/301 files... (250 valid)
[10/16/25 14:12:43] INFO       R2:         train_challenge1_multi_release.py:128
                             Progress                                           
                             250/301 - 250                                      
                             valid, 0                                           
                             corrupted                                          
    Checked 300/301 files... (300 valid)
[10/16/25 14:12:48] INFO       R2:         train_challenge1_multi_release.py:128
                             Progress                                           
                             300/301 - 300                                      
                             valid, 0                                           
                             corrupted                                          
    ✅ Valid datasets: 301 (skipped 0 corrupted) - 32.1s
                    INFO       R2:         train_challenge1_multi_release.py:144
                             Complete -                                         
                             301 valid, 0                                       
                             corrupted,                                         
                             32.1s                                              
    Preprocessing 301 datasets...
                    INFO       R2:         train_challenge1_multi_release.py:148
                             Starting                                           
                             preprocessing                                      
                             ...                                                
[10/16/25 14:12:52] INFO       R2:         train_challenge1_multi_release.py:163
                             Preprocessing                                      
                             complete                                           
    Datasets with valid trials after preprocessing: 301/301
                    INFO       R2: 301     train_challenge1_multi_release.py:171
                             datasets have                                      
                             valid trials                                       
    Creating windows from trials...
                    INFO       R2:         train_challenge1_multi_release.py:179
                             Creating                                           
                             fixed-length                                       
                             windows...                                         
    Windows created: 68218
                    INFO       R2: Created train_challenge1_multi_release.py:199
                             68218 windows                                      
    Windows: 68218

  [3/4] Loading R3...
                    INFO     Loading        train_challenge1_multi_release.py:96
                             release R3                                         
                             (3/4)                                              
╭────────────────────── EEG 2025 Competition Data Notice ──────────────────────╮
│ This object loads the HBN dataset that has been preprocessed for the EEG     │
│ Challenge:                                                                   │
│   * Downsampled from 500Hz to 100Hz                                          │
│   * Bandpass filtered (0.5-50 Hz)                                            │
│                                                                              │
│ For full preprocessing applied for competition details, see:                 │
│   https://github.com/eeg2025/downsample-datasets                             │
│                                                                              │
│ The HBN dataset have some preprocessing applied by the HBN team:             │
│   * Re-reference (Cz Channel)                                                │
│                                                                              │
│ IMPORTANT: The data accessed via `EEGChallengeDataset` is NOT identical to   │
│ what you get from EEGDashDataset directly.                                   │
│ If you are participating in the competition, always use                      │
│ `EEGChallengeDataset` to ensure consistency with the challenge data.         │
╰──────────────────────── Source: EEGChallengeDataset ─────────────────────────╯
    Datasets: 388
[10/16/25 14:12:54] INFO       R3: Loaded  train_challenge1_multi_release.py:108
                             388 datasets                                       
    Checking for corrupted files in 388 datasets...
                    INFO       R3:         train_challenge1_multi_release.py:115
                             Checking 388                                       
                             files for                                          
                             corruption...                                      
    Checked 50/388 files... (50 valid)
[10/16/25 14:12:59] INFO       R3:         train_challenge1_multi_release.py:128
                             Progress                                           
                             50/388 - 50                                        
                             valid, 0                                           
                             corrupted                                          
    Checked 100/388 files... (100 valid)
[10/16/25 14:13:04] INFO       R3:         train_challenge1_multi_release.py:128
                             Progress                                           
                             100/388 - 100                                      
                             valid, 0                                           
                             corrupted                                          
    Checked 150/388 files... (150 valid)
[10/16/25 14:13:09] INFO       R3:         train_challenge1_multi_release.py:128
                             Progress                                           
                             150/388 - 150                                      
                             valid, 0                                           
                             corrupted                                          
    Checked 200/388 files... (200 valid)
[10/16/25 14:13:13] INFO       R3:         train_challenge1_multi_release.py:128
                             Progress                                           
                             200/388 - 200                                      
                             valid, 0                                           
                             corrupted                                          
    Checked 250/388 files... (250 valid)
[10/16/25 14:13:18] INFO       R3:         train_challenge1_multi_release.py:128
                             Progress                                           
                             250/388 - 250                                      
                             valid, 0                                           
                             corrupted                                          
    Checked 300/388 files... (300 valid)
[10/16/25 14:13:23] INFO       R3:         train_challenge1_multi_release.py:128
                             Progress                                           
                             300/388 - 300                                      
                             valid, 0                                           
                             corrupted                                          
    Checked 350/388 files... (350 valid)
[10/16/25 14:13:29] INFO       R3:         train_challenge1_multi_release.py:128
                             Progress                                           
                             350/388 - 350                                      
                             valid, 0                                           
                             corrupted                                          
    ✅ Valid datasets: 388 (skipped 0 corrupted) - 40.5s
[10/16/25 14:13:32] INFO       R3:         train_challenge1_multi_release.py:144
                             Complete -                                         
                             388 valid, 0                                       
                             corrupted,                                         
                             40.5s                                              
    Preprocessing 388 datasets...
                    INFO       R3:         train_challenge1_multi_release.py:148
                             Starting                                           
                             preprocessing                                      
                             ...                                                
[10/16/25 14:13:36] INFO       R3:         train_challenge1_multi_release.py:163
                             Preprocessing                                      
                             complete                                           
    Datasets with valid trials after preprocessing: 388/388
                    INFO       R3: 388     train_challenge1_multi_release.py:171
                             datasets have                                      
                             valid trials                                       
    Creating windows from trials...
                    INFO       R3:         train_challenge1_multi_release.py:179
                             Creating                                           
                             fixed-length                                       
                             windows...                                         
    Windows created: 83472
                    INFO       R3: Created train_challenge1_multi_release.py:199
                             83472 windows                                      
    Windows: 83472

  [4/4] Loading R4...
                    INFO     Loading        train_challenge1_multi_release.py:96
                             release R4                                         
                             (4/4)                                              
╭────────────────────── EEG 2025 Competition Data Notice ──────────────────────╮
│ This object loads the HBN dataset that has been preprocessed for the EEG     │
│ Challenge:                                                                   │
│   * Downsampled from 500Hz to 100Hz                                          │
│   * Bandpass filtered (0.5-50 Hz)                                            │
│                                                                              │
│ For full preprocessing applied for competition details, see:                 │
│   https://github.com/eeg2025/downsample-datasets                             │
│                                                                              │
│ The HBN dataset have some preprocessing applied by the HBN team:             │
│   * Re-reference (Cz Channel)                                                │
│                                                                              │
│ IMPORTANT: The data accessed via `EEGChallengeDataset` is NOT identical to   │
│ what you get from EEGDashDataset directly.                                   │
│ If you are participating in the competition, always use                      │
│ `EEGChallengeDataset` to ensure consistency with the challenge data.         │
╰──────────────────────── Source: EEGChallengeDataset ─────────────────────────╯
    Datasets: 756
[10/16/25 14:13:40] INFO       R4: Loaded  train_challenge1_multi_release.py:108
                             756 datasets                                       
    Checking for corrupted files in 756 datasets...
                    INFO       R4:         train_challenge1_multi_release.py:115
                             Checking 756                                       
                             files for                                          
                             corruption...                                      
    Checked 50/756 files... (50 valid)
[10/16/25 14:13:44] INFO       R4:         train_challenge1_multi_release.py:128
                             Progress                                           
                             50/756 - 50                                        
                             valid, 0                                           
                             corrupted                                          
    Checked 100/756 files... (100 valid)
[10/16/25 14:13:49] INFO       R4:         train_challenge1_multi_release.py:128
                             Progress                                           
                             100/756 - 100                                      
                             valid, 0                                           
                             corrupted                                          
    Checked 150/756 files... (150 valid)
[10/16/25 14:13:53] INFO       R4:         train_challenge1_multi_release.py:128
                             Progress                                           
                             150/756 - 150                                      
                             valid, 0                                           
                             corrupted                                          
[W1016 14:19:08.583042675 AllocatorConfig.cpp:28] Warning: PYTORCH_CUDA_ALLOC_CONF is deprecated, use PYTORCH_ALLOC_CONF instead (function operator())
[W1016 14:19:08.607453727 AllocatorConfig.cpp:28] Warning: PYTORCH_CUDA_ALLOC_CONF is deprecated, use PYTORCH_ALLOC_CONF instead (function operator())
[W1016 14:19:08.791433093 AllocatorConfig.cpp:28] Warning: PYTORCH_CUDA_ALLOC_CONF is deprecated, use PYTORCH_ALLOC_CONF instead (function operator())
[W1016 14:19:08.804562942 AllocatorConfig.cpp:28] Warning: PYTORCH_CUDA_ALLOC_CONF is deprecated, use PYTORCH_ALLOC_CONF instead (function operator())
[W1016 14:19:08.825728452 AllocatorConfig.cpp:28] Warning: PYTORCH_CUDA_ALLOC_CONF is deprecated, use PYTORCH_ALLOC_CONF instead (function operator())
[W1016 14:19:08.848689468 AllocatorConfig.cpp:28] Warning: PYTORCH_CUDA_ALLOC_CONF is deprecated, use PYTORCH_ALLOC_CONF instead (function operator())
[W1016 14:19:08.860078271 AllocatorConfig.cpp:28] Warning: PYTORCH_CUDA_ALLOC_CONF is deprecated, use PYTORCH_ALLOC_CONF instead (function operator())
[W1016 14:19:08.897121874 AllocatorConfig.cpp:28] Warning: PYTORCH_CUDA_ALLOC_CONF is deprecated, use PYTORCH_ALLOC_CONF instead (function operator())
[W1016 14:19:08.908702816 AllocatorConfig.cpp:28] Warning: PYTORCH_CUDA_ALLOC_CONF is deprecated, use PYTORCH_ALLOC_CONF instead (function operator())
[W1016 14:19:09.921351307 AllocatorConfig.cpp:28] Warning: PYTORCH_CUDA_ALLOC_CONF is deprecated, use PYTORCH_ALLOC_CONF instead (function operator())
[W1016 14:19:09.923269532 AllocatorConfig.cpp:28] Warning: PYTORCH_CUDA_ALLOC_CONF is deprecated, use PYTORCH_ALLOC_CONF instead (function operator())
[W1016 14:19:09.026863328 AllocatorConfig.cpp:28] Warning: PYTORCH_CUDA_ALLOC_CONF is deprecated, use PYTORCH_ALLOC_CONF instead (function operator())
/home/kevin/Projects/eeg2025/venv/lib/python3.12/site-packages/joblib/externals/loky/backend/resource_tracker.py:359: UserWarning: resource_tracker: There appear to be 18 leaked semlock objects to clean up at shutdown
  warnings.warn(
/home/kevin/Projects/eeg2025/venv/lib/python3.12/site-packages/joblib/externals/loky/backend/resource_tracker.py:359: UserWarning: resource_tracker: There appear to be 3 leaked folder objects to clean up at shutdown
  warnings.warn(
