nohup: ignoring input
2025-10-16 14:11:30,474 - INFO - ================================================================================
2025-10-16 14:11:30,474 - INFO - 🚀 Challenge 2 Training Started
2025-10-16 14:11:30,474 - INFO - Crash log: logs/challenge2_crash_20251016_141130.log
2025-10-16 14:11:30,474 - INFO - ================================================================================
================================================================================
🎯 CHALLENGE 2: MULTI-RELEASE EXTERNALIZING PREDICTION
================================================================================
Training on: R1, R2, R3, R4
Validation on: R5
Expected improvement: 14x better generalization
================================================================================
[10/16/25 14:11:35] INFO     Starting main train_challenge2_multi_release.py:446
                             training                                           
                             pipeline...                                        

📦 Loading training data (R1-R4)...

📂 Loading releases: ['R1', 'R2', 'R3', 'R4']
                    INFO     Loading 4      train_challenge2_multi_release.py:85
                             releases:                                          
                             ['R1', 'R2',                                       
                             'R3', 'R4']                                        

  [1/4] Loading R1...
                    INFO     Loading        train_challenge2_multi_release.py:89
                             release R1                                         
                             (1/4)                                              
╭────────────────────── EEG 2025 Competition Data Notice ──────────────────────╮
│ This object loads the HBN dataset that has been preprocessed for the EEG     │
│ Challenge:                                                                   │
│   * Downsampled from 500Hz to 100Hz                                          │
│   * Bandpass filtered (0.5-50 Hz)                                            │
│                                                                              │
│ For full preprocessing applied for competition details, see:                 │
│   https://github.com/eeg2025/downsample-datasets                             │
│                                                                              │
│ The HBN dataset have some preprocessing applied by the HBN team:             │
│   * Re-reference (Cz Channel)                                                │
│                                                                              │
│ IMPORTANT: The data accessed via `EEGChallengeDataset` is NOT identical to   │
│ what you get from EEGDashDataset directly.                                   │
│ If you are participating in the competition, always use                      │
│ `EEGChallengeDataset` to ensure consistency with the challenge data.         │
╰──────────────────────── Source: EEGChallengeDataset ─────────────────────────╯
    Datasets: 136
                    INFO       R1: Loaded  train_challenge2_multi_release.py:102
                             136 datasets                                       
    Checking for corrupted files in 136 datasets...
                    INFO       R1:         train_challenge2_multi_release.py:109
                             Checking 136                                       
                             files for                                          
                             corruption...                                      
    Checked 50/136 files... (50 valid)
[10/16/25 14:11:41] INFO       R1:         train_challenge2_multi_release.py:122
                             Progress                                           
                             50/136 - 50                                        
                             valid, 0                                           
                             corrupted                                          
    Checked 100/136 files... (100 valid)
[10/16/25 14:11:46] INFO       R1:         train_challenge2_multi_release.py:122
                             Progress                                           
                             100/136 - 100                                      
                             valid, 0                                           
                             corrupted                                          
    ✅ Valid datasets: 136 (skipped 0 corrupted) - 15.1s
[10/16/25 14:11:50] INFO       R1:         train_challenge2_multi_release.py:138
                             Complete -                                         
                             136 valid, 0                                       
                             corrupted,                                         
                             15.1s                                              
    Creating windows from continuous data...
                    INFO       R1:         train_challenge2_multi_release.py:145
                             Creating                                           
                             fixed-length                                       
                             windows...                                         
    Windows created: 57648
                    INFO       R1: Created train_challenge2_multi_release.py:166
                             57648 windows                                      
    Windows: 57648

  [2/4] Loading R2...
[10/16/25 14:13:35] INFO     Loading        train_challenge2_multi_release.py:89
                             release R2                                         
                             (2/4)                                              
╭────────────────────── EEG 2025 Competition Data Notice ──────────────────────╮
│ This object loads the HBN dataset that has been preprocessed for the EEG     │
│ Challenge:                                                                   │
│   * Downsampled from 500Hz to 100Hz                                          │
│   * Bandpass filtered (0.5-50 Hz)                                            │
│                                                                              │
│ For full preprocessing applied for competition details, see:                 │
│   https://github.com/eeg2025/downsample-datasets                             │
│                                                                              │
│ The HBN dataset have some preprocessing applied by the HBN team:             │
│   * Re-reference (Cz Channel)                                                │
│                                                                              │
│ IMPORTANT: The data accessed via `EEGChallengeDataset` is NOT identical to   │
│ what you get from EEGDashDataset directly.                                   │
│ If you are participating in the competition, always use                      │
│ `EEGChallengeDataset` to ensure consistency with the challenge data.         │
╰──────────────────────── Source: EEGChallengeDataset ─────────────────────────╯
    Datasets: 150
[10/16/25 14:13:36] INFO       R2: Loaded  train_challenge2_multi_release.py:102
                             150 datasets                                       
    Checking for corrupted files in 150 datasets...
                    INFO       R2:         train_challenge2_multi_release.py:109
                             Checking 150                                       
                             files for                                          
                             corruption...                                      
    Checked 50/150 files... (50 valid)
[10/16/25 14:13:41] INFO       R2:         train_challenge2_multi_release.py:122
                             Progress                                           
                             50/150 - 50                                        
                             valid, 0                                           
                             corrupted                                          
    Checked 100/150 files... (100 valid)
[10/16/25 14:13:46] INFO       R2:         train_challenge2_multi_release.py:122
                             Progress                                           
                             100/150 - 100                                      
                             valid, 0                                           
                             corrupted                                          
    Checked 150/150 files... (150 valid)
[10/16/25 14:13:51] INFO       R2:         train_challenge2_multi_release.py:122
                             Progress                                           
                             150/150 - 150                                      
                             valid, 0                                           
                             corrupted                                          
    ✅ Valid datasets: 150 (skipped 0 corrupted) - 15.7s
                    INFO       R2:         train_challenge2_multi_release.py:138
                             Complete -                                         
                             150 valid, 0                                       
                             corrupted,                                         
                             15.7s                                              
    Creating windows from continuous data...
                    INFO       R2:         train_challenge2_multi_release.py:145
                             Creating                                           
                             fixed-length                                       
                             windows...                                         
    Windows created: 65619
                    INFO       R2: Created train_challenge2_multi_release.py:166
                             65619 windows                                      
