🚀 HBN Bulk Download
============================================================
Target: 10 subjects
Output: data/raw/hbn


[1/10] Processing sub-NDARAM704GKZ
   Attempt 1/3: Downloading sub-NDARAM704GKZ...
   ✅ sub-NDARAM704GKZ: 11 files

[2/10] Processing sub-NDARAN385MDH
   Attempt 1/3: Downloading sub-NDARAN385MDH...
   ✅ sub-NDARAN385MDH: 11 files

[3/10] Processing sub-NDARAP359UM6
   Attempt 1/3: Downloading sub-NDARAP359UM6...
   ✅ sub-NDARAP359UM6: 12 files

[4/10] Processing sub-NDARAW320CGR
   Attempt 1/3: Downloading sub-NDARAW320CGR...
   ✅ sub-NDARAW320CGR: 8 files

[5/10] Processing sub-NDARBD879MBX
   Attempt 1/3: Downloading sub-NDARBD879MBX...
   ✅ sub-NDARBD879MBX: 12 files

[6/10] Processing sub-NDARBH024NH2
   Attempt 1/3: Downloading sub-NDARBH024NH2...
   ✅ sub-NDARBH024NH2: 12 files

[7/10] Processing sub-NDARBK082PDD
   Attempt 1/3: Downloading sub-NDARBK082PDD...
   ✅ sub-NDARBK082PDD: 12 files

[8/10] Processing sub-NDARBM173BJG
   Attempt 1/3: Downloading sub-NDARBM173BJG...
   ✅ sub-NDARBM173BJG: 11 files

[9/10] Processing sub-NDARBX121UM9
   Attempt 1/3: Downloading sub-NDARBX121UM9...
   ✅ sub-NDARBX121UM9: 8 files

[10/10] Processing sub-NDARBX400RTC
   Attempt 1/3: Downloading sub-NDARBX400RTC...
   ✅ sub-NDARBX400RTC: 7 files

============================================================
📊 Download Summary

✅ Successful: 10/10

