nohup: ignoring input
🚀 Foundation Model Training (CPU)
======================================================================
📱 Device: CPU
======================================================================

📂 Loading Dataset...
   Total: 38506 windows
   Train: 30804, Val: 7702

🧠 Creating Model...
   Parameters: 954,498 (~3.6 MB)

======================================================================
🏋️  Training Started
======================================================================

======================================================================
Epoch 1/20
======================================================================

📚 Epoch 1 - Training
   [10/1926] loss=0.6883, acc=48.8%
   [20/1926] loss=0.6970, acc=45.9%
   [30/1926] loss=0.6862, acc=46.0%
   [40/1926] loss=0.7016, acc=47.8%
   [50/1926] loss=0.6984, acc=49.0%
   [60/1926] loss=0.7097, acc=50.1%
   [70/1926] loss=0.6991, acc=49.2%
   [80/1926] loss=0.7025, acc=49.1%
   [90/1926] loss=0.6658, acc=49.7%
   [100/1926] loss=0.7597, acc=49.6%
   [110/1926] loss=0.6939, acc=49.1%
   [120/1926] loss=0.7107, acc=49.4%
