================================================================================
🚀 MINIMAL FOUNDATION TRAINING
================================================================================
Device: cpu

📂 Loading dataset...
Using 5000 samples (limited from 38506)
Train: 4000, Val: 1000

🧠 Creating model...
Parameters: 176,578

================================================================================
🏋️  TRAINING
================================================================================

================================================================================
Epoch 1/5
================================================================================
  [20/125] loss=0.6778, acc=49.1%
  [40/125] loss=0.6912, acc=50.3%
  [60/125] loss=0.7000, acc=50.7%
  [80/125] loss=0.7143, acc=50.8%
  [100/125] loss=0.6957, acc=51.0%
  [120/125] loss=0.7181, acc=50.8%
