================================================================================
🚀 MINIMAL FOUNDATION TRAINING
================================================================================
Device: cpu

📂 Loading dataset...
Using 5000 samples (limited from 38506)
Train: 4000, Val: 1000

🧠 Creating model...
Parameters: 176,578

================================================================================
🏋️  TRAINING
================================================================================

================================================================================
Epoch 1/5
================================================================================
  [20/125] loss=0.6899, acc=50.3%
  [40/125] loss=0.6917, acc=50.7%
  [60/125] loss=0.6944, acc=50.4%
  [80/125] loss=0.6923, acc=50.2%
  [100/125] loss=0.6884, acc=51.4%
  [120/125] loss=0.6929, acc=50.8%

📊 Epoch 1 Summary:
  Train: loss=0.6964, acc=50.5%
  Val:   loss=0.6930, acc=50.8%
  💾 Saved checkpoint (best val loss: 0.6930)

================================================================================
Epoch 2/5
================================================================================
  [20/125] loss=0.6959, acc=48.3%
  [40/125] loss=0.6971, acc=48.4%
  [60/125] loss=0.6880, acc=49.3%
  [80/125] loss=0.7028, acc=49.6%
  [100/125] loss=0.6957, acc=49.2%
  [120/125] loss=0.7027, acc=49.3%

📊 Epoch 2 Summary:
  Train: loss=0.6940, acc=49.6%
  Val:   loss=0.6943, acc=49.3%

================================================================================
Epoch 3/5
================================================================================
  [20/125] loss=0.6968, acc=50.2%
  [40/125] loss=0.6834, acc=49.4%
  [60/125] loss=0.6822, acc=50.4%
  [80/125] loss=0.6928, acc=49.9%
  [100/125] loss=0.6890, acc=49.8%
  [120/125] loss=0.6933, acc=49.5%

📊 Epoch 3 Summary:
  Train: loss=0.6943, acc=49.3%
  Val:   loss=0.6936, acc=50.0%

================================================================================
Epoch 4/5
================================================================================
  [20/125] loss=0.6973, acc=49.1%
  [40/125] loss=0.6852, acc=49.8%
  [60/125] loss=0.6909, acc=49.5%
  [80/125] loss=0.6953, acc=49.6%
  [100/125] loss=0.6916, acc=49.8%
  [120/125] loss=0.6970, acc=50.2%

📊 Epoch 4 Summary:
  Train: loss=0.6938, acc=50.0%
  Val:   loss=0.6934, acc=46.9%

================================================================================
Epoch 5/5
================================================================================
  [20/125] loss=0.6833, acc=55.6%
  [40/125] loss=0.7023, acc=52.8%
  [60/125] loss=0.6968, acc=51.5%
  [80/125] loss=0.6888, acc=51.2%
  [100/125] loss=0.6920, acc=50.9%
  [120/125] loss=0.6794, acc=51.3%

📊 Epoch 5 Summary:
  Train: loss=0.6937, acc=51.4%
  Val:   loss=0.6975, acc=49.3%

================================================================================
✅ TRAINING COMPLETE!
================================================================================
Best val loss: 0.6930
Checkpoint: checkpoints/minimal_best.pth
History: logs/minimal_history.json
