nohup: ignoring input
2025-10-14 14:26:36,139 - INFO - System has 12 CPUs
2025-10-14 14:26:36,139 - INFO - Will use 8 parallel workers
2025-10-14 14:26:38,711 - INFO - Starting multi-process training with 8 workers
2025-10-14 14:26:38,711 - INFO - Effective batch size: 32 x 8 = 256

============================================================
📂 Production EEG Dataset Loader
============================================================
Data directory: /home/kevin/Projects/eeg2025/data/raw/hbn
Cache directory: /home/kevin/Projects/eeg2025/data/cache

Found 10 subjects
Loading and preprocessing...
Loading subjects:   0%|          | 0/10 [00:00<?, ?it/s]/home/kevin/.local/lib/python3.12/site-packages/matplotlib/projections/__init__.py:63: UserWarning: Unable to import Axes3D. This may be due to multiple versions of Matplotlib being installed (e.g. as a system package and as a pip package). As a result, the 3D projection is not available.
  warnings.warn("Unable to import Axes3D. This may be due to multiple versions of "
/home/kevin/.local/lib/python3.12/site-packages/matplotlib/projections/__init__.py:63: UserWarning: Unable to import Axes3D. This may be due to multiple versions of Matplotlib being installed (e.g. as a system package and as a pip package). As a result, the 3D projection is not available.
  warnings.warn("Unable to import Axes3D. This may be due to multiple versions of "
/home/kevin/.local/lib/python3.12/site-packages/matplotlib/projections/__init__.py:63: UserWarning: Unable to import Axes3D. This may be due to multiple versions of Matplotlib being installed (e.g. as a system package and as a pip package). As a result, the 3D projection is not available.
  warnings.warn("Unable to import Axes3D. This may be due to multiple versions of "
/home/kevin/.local/lib/python3.12/site-packages/matplotlib/projections/__init__.py:63: UserWarning: Unable to import Axes3D. This may be due to multiple versions of Matplotlib being installed (e.g. as a system package and as a pip package). As a result, the 3D projection is not available.
  warnings.warn("Unable to import Axes3D. This may be due to multiple versions of "
/home/kevin/.local/lib/python3.12/site-packages/matplotlib/projections/__init__.py:63: UserWarning: Unable to import Axes3D. This may be due to multiple versions of Matplotlib being installed (e.g. as a system package and as a pip package). As a result, the 3D projection is not available.
  warnings.warn("Unable to import Axes3D. This may be due to multiple versions of "
/home/kevin/.local/lib/python3.12/site-packages/matplotlib/projections/__init__.py:63: UserWarning: Unable to import Axes3D. This may be due to multiple versions of Matplotlib being installed (e.g. as a system package and as a pip package). As a result, the 3D projection is not available.
  warnings.warn("Unable to import Axes3D. This may be due to multiple versions of "
/home/kevin/.local/lib/python3.12/site-packages/matplotlib/projections/__init__.py:63: UserWarning: Unable to import Axes3D. This may be due to multiple versions of Matplotlib being installed (e.g. as a system package and as a pip package). As a result, the 3D projection is not available.
  warnings.warn("Unable to import Axes3D. This may be due to multiple versions of "
/home/kevin/.local/lib/python3.12/site-packages/matplotlib/projections/__init__.py:63: UserWarning: Unable to import Axes3D. This may be due to multiple versions of Matplotlib being installed (e.g. as a system package and as a pip package). As a result, the 3D projection is not available.
  warnings.warn("Unable to import Axes3D. This may be due to multiple versions of "
/home/kevin/Projects/eeg2025/scripts/models/eeg_dataset_production.py:132: RuntimeWarning: The data contains 'boundary' events, indicating data discontinuities. Be cautious of filtering and epoching around these events.
  raw = mne.io.read_raw_eeglab(set_file, preload=True, verbose=False)
/home/kevin/Projects/eeg2025/scripts/models/eeg_dataset_production.py:132: RuntimeWarning: The data contains 'boundary' events, indicating data discontinuities. Be cautious of filtering and epoching around these events.
  raw = mne.io.read_raw_eeglab(set_file, preload=True, verbose=False)
/home/kevin/Projects/eeg2025/scripts/models/eeg_dataset_production.py:132: RuntimeWarning: The data contains 'boundary' events, indicating data discontinuities. Be cautious of filtering and epoching around these events.
  raw = mne.io.read_raw_eeglab(set_file, preload=True, verbose=False)
/home/kevin/Projects/eeg2025/scripts/models/eeg_dataset_production.py:132: RuntimeWarning: The data contains 'boundary' events, indicating data discontinuities. Be cautious of filtering and epoching around these events.
  raw = mne.io.read_raw_eeglab(set_file, preload=True, verbose=False)
/home/kevin/Projects/eeg2025/scripts/models/eeg_dataset_production.py:132: RuntimeWarning: The data contains 'boundary' events, indicating data discontinuities. Be cautious of filtering and epoching around these events.
  raw = mne.io.read_raw_eeglab(set_file, preload=True, verbose=False)
/home/kevin/Projects/eeg2025/scripts/models/eeg_dataset_production.py:132: RuntimeWarning: The data contains 'boundary' events, indicating data discontinuities. Be cautious of filtering and epoching around these events.
  raw = mne.io.read_raw_eeglab(set_file, preload=True, verbose=False)
/home/kevin/Projects/eeg2025/scripts/models/eeg_dataset_production.py:132: RuntimeWarning: The data contains 'boundary' events, indicating data discontinuities. Be cautious of filtering and epoching around these events.
  raw = mne.io.read_raw_eeglab(set_file, preload=True, verbose=False)
/home/kevin/Projects/eeg2025/scripts/models/eeg_dataset_production.py:132: RuntimeWarning: The data contains 'boundary' events, indicating data discontinuities. Be cautious of filtering and epoching around these events.
  raw = mne.io.read_raw_eeglab(set_file, preload=True, verbose=False)
/home/kevin/Projects/eeg2025/scripts/models/eeg_dataset_production.py:132: RuntimeWarning: The data contains 'boundary' events, indicating data discontinuities. Be cautious of filtering and epoching around these events.
  raw = mne.io.read_raw_eeglab(set_file, preload=True, verbose=False)
/home/kevin/Projects/eeg2025/scripts/models/eeg_dataset_production.py:132: RuntimeWarning: The data contains 'boundary' events, indicating data discontinuities. Be cautious of filtering and epoching around these events.
  raw = mne.io.read_raw_eeglab(set_file, preload=True, verbose=False)
/home/kevin/Projects/eeg2025/scripts/models/eeg_dataset_production.py:132: RuntimeWarning: The data contains 'boundary' events, indicating data discontinuities. Be cautious of filtering and epoching around these events.
  raw = mne.io.read_raw_eeglab(set_file, preload=True, verbose=False)
/home/kevin/Projects/eeg2025/scripts/models/eeg_dataset_production.py:132: RuntimeWarning: The data contains 'boundary' events, indicating data discontinuities. Be cautious of filtering and epoching around these events.
  raw = mne.io.read_raw_eeglab(set_file, preload=True, verbose=False)
/home/kevin/Projects/eeg2025/scripts/models/eeg_dataset_production.py:132: RuntimeWarning: The data contains 'boundary' events, indicating data discontinuities. Be cautious of filtering and epoching around these events.
  raw = mne.io.read_raw_eeglab(set_file, preload=True, verbose=False)
/home/kevin/Projects/eeg2025/scripts/models/eeg_dataset_production.py:132: RuntimeWarning: The data contains 'boundary' events, indicating data discontinuities. Be cautious of filtering and epoching around these events.
  raw = mne.io.read_raw_eeglab(set_file, preload=True, verbose=False)
/home/kevin/Projects/eeg2025/scripts/models/eeg_dataset_production.py:132: RuntimeWarning: The data contains 'boundary' events, indicating data discontinuities. Be cautious of filtering and epoching around these events.
  raw = mne.io.read_raw_eeglab(set_file, preload=True, verbose=False)
/home/kevin/Projects/eeg2025/scripts/models/eeg_dataset_production.py:132: RuntimeWarning: The data contains 'boundary' events, indicating data discontinuities. Be cautious of filtering and epoching around these events.
  raw = mne.io.read_raw_eeglab(set_file, preload=True, verbose=False)
/home/kevin/Projects/eeg2025/scripts/models/eeg_dataset_production.py:132: RuntimeWarning: The data contains 'boundary' events, indicating data discontinuities. Be cautious of filtering and epoching around these events.
  raw = mne.io.read_raw_eeglab(set_file, preload=True, verbose=False)
/home/kevin/Projects/eeg2025/scripts/models/eeg_dataset_production.py:132: RuntimeWarning: The data contains 'boundary' events, indicating data discontinuities. Be cautious of filtering and epoching around these events.
  raw = mne.io.read_raw_eeglab(set_file, preload=True, verbose=False)
/home/kevin/Projects/eeg2025/scripts/models/eeg_dataset_production.py:132: RuntimeWarning: The data contains 'boundary' events, indicating data discontinuities. Be cautious of filtering and epoching around these events.
  raw = mne.io.read_raw_eeglab(set_file, preload=True, verbose=False)
/home/kevin/Projects/eeg2025/scripts/models/eeg_dataset_production.py:132: RuntimeWarning: The data contains 'boundary' events, indicating data discontinuities. Be cautious of filtering and epoching around these events.
  raw = mne.io.read_raw_eeglab(set_file, preload=True, verbose=False)
/home/kevin/Projects/eeg2025/scripts/models/eeg_dataset_production.py:132: RuntimeWarning: The data contains 'boundary' events, indicating data discontinuities. Be cautious of filtering and epoching around these events.
  raw = mne.io.read_raw_eeglab(set_file, preload=True, verbose=False)
/home/kevin/Projects/eeg2025/scripts/models/eeg_dataset_production.py:132: RuntimeWarning: The data contains 'boundary' events, indicating data discontinuities. Be cautious of filtering and epoching around these events.
  raw = mne.io.read_raw_eeglab(set_file, preload=True, verbose=False)
/home/kevin/Projects/eeg2025/scripts/models/eeg_dataset_production.py:132: RuntimeWarning: The data contains 'boundary' events, indicating data discontinuities. Be cautious of filtering and epoching around these events.
  raw = mne.io.read_raw_eeglab(set_file, preload=True, verbose=False)
/home/kevin/Projects/eeg2025/scripts/models/eeg_dataset_production.py:132: RuntimeWarning: The data contains 'boundary' events, indicating data discontinuities. Be cautious of filtering and epoching around these events.
  raw = mne.io.read_raw_eeglab(set_file, preload=True, verbose=False)
/home/kevin/Projects/eeg2025/scripts/models/eeg_dataset_production.py:132: RuntimeWarning: The data contains 'boundary' events, indicating data discontinuities. Be cautious of filtering and epoching around these events.
  raw = mne.io.read_raw_eeglab(set_file, preload=True, verbose=False)
/home/kevin/Projects/eeg2025/scripts/models/eeg_dataset_production.py:132: RuntimeWarning: The data contains 'boundary' events, indicating data discontinuities. Be cautious of filtering and epoching around these events.
  raw = mne.io.read_raw_eeglab(set_file, preload=True, verbose=False)
/home/kevin/Projects/eeg2025/scripts/models/eeg_dataset_production.py:132: RuntimeWarning: The data contains 'boundary' events, indicating data discontinuities. Be cautious of filtering and epoching around these events.
  raw = mne.io.read_raw_eeglab(set_file, preload=True, verbose=False)
/home/kevin/Projects/eeg2025/scripts/models/eeg_dataset_production.py:132: RuntimeWarning: The data contains 'boundary' events, indicating data discontinuities. Be cautious of filtering and epoching around these events.
  raw = mne.io.read_raw_eeglab(set_file, preload=True, verbose=False)
/home/kevin/Projects/eeg2025/scripts/models/eeg_dataset_production.py:132: RuntimeWarning: The data contains 'boundary' events, indicating data discontinuities. Be cautious of filtering and epoching around these events.
  raw = mne.io.read_raw_eeglab(set_file, preload=True, verbose=False)
/home/kevin/Projects/eeg2025/scripts/models/eeg_dataset_production.py:132: RuntimeWarning: The data contains 'boundary' events, indicating data discontinuities. Be cautious of filtering and epoching around these events.
  raw = mne.io.read_raw_eeglab(set_file, preload=True, verbose=False)
/home/kevin/Projects/eeg2025/scripts/models/eeg_dataset_production.py:132: RuntimeWarning: The data contains 'boundary' events, indicating data discontinuities. Be cautious of filtering and epoching around these events.
  raw = mne.io.read_raw_eeglab(set_file, preload=True, verbose=False)
/home/kevin/Projects/eeg2025/scripts/models/eeg_dataset_production.py:132: RuntimeWarning: The data contains 'boundary' events, indicating data discontinuities. Be cautious of filtering and epoching around these events.
  raw = mne.io.read_raw_eeglab(set_file, preload=True, verbose=False)
/home/kevin/Projects/eeg2025/scripts/models/eeg_dataset_production.py:132: RuntimeWarning: The data contains 'boundary' events, indicating data discontinuities. Be cautious of filtering and epoching around these events.
  raw = mne.io.read_raw_eeglab(set_file, preload=True, verbose=False)
/home/kevin/Projects/eeg2025/scripts/models/eeg_dataset_production.py:132: RuntimeWarning: The data contains 'boundary' events, indicating data discontinuities. Be cautious of filtering and epoching around these events.
  raw = mne.io.read_raw_eeglab(set_file, preload=True, verbose=False)
/home/kevin/Projects/eeg2025/scripts/models/eeg_dataset_production.py:132: RuntimeWarning: The data contains 'boundary' events, indicating data discontinuities. Be cautious of filtering and epoching around these events.
  raw = mne.io.read_raw_eeglab(set_file, preload=True, verbose=False)
/home/kevin/Projects/eeg2025/scripts/models/eeg_dataset_production.py:132: RuntimeWarning: The data contains 'boundary' events, indicating data discontinuities. Be cautious of filtering and epoching around these events.
  raw = mne.io.read_raw_eeglab(set_file, preload=True, verbose=False)
/home/kevin/Projects/eeg2025/scripts/models/eeg_dataset_production.py:132: RuntimeWarning: The data contains 'boundary' events, indicating data discontinuities. Be cautious of filtering and epoching around these events.
  raw = mne.io.read_raw_eeglab(set_file, preload=True, verbose=False)
/home/kevin/Projects/eeg2025/scripts/models/eeg_dataset_production.py:132: RuntimeWarning: The data contains 'boundary' events, indicating data discontinuities. Be cautious of filtering and epoching around these events.
  raw = mne.io.read_raw_eeglab(set_file, preload=True, verbose=False)
/home/kevin/Projects/eeg2025/scripts/models/eeg_dataset_production.py:132: RuntimeWarning: The data contains 'boundary' events, indicating data discontinuities. Be cautious of filtering and epoching around these events.
  raw = mne.io.read_raw_eeglab(set_file, preload=True, verbose=False)
/home/kevin/Projects/eeg2025/scripts/models/eeg_dataset_production.py:132: RuntimeWarning: The data contains 'boundary' events, indicating data discontinuities. Be cautious of filtering and epoching around these events.
  raw = mne.io.read_raw_eeglab(set_file, preload=True, verbose=False)
/home/kevin/Projects/eeg2025/scripts/models/eeg_dataset_production.py:132: RuntimeWarning: The data contains 'boundary' events, indicating data discontinuities. Be cautious of filtering and epoching around these events.
  raw = mne.io.read_raw_eeglab(set_file, preload=True, verbose=False)
/home/kevin/Projects/eeg2025/scripts/models/eeg_dataset_production.py:132: RuntimeWarning: The data contains 'boundary' events, indicating data discontinuities. Be cautious of filtering and epoching around these events.
  raw = mne.io.read_raw_eeglab(set_file, preload=True, verbose=False)
/home/kevin/Projects/eeg2025/scripts/models/eeg_dataset_production.py:132: RuntimeWarning: The data contains 'boundary' events, indicating data discontinuities. Be cautious of filtering and epoching around these events.
  raw = mne.io.read_raw_eeglab(set_file, preload=True, verbose=False)
/home/kevin/Projects/eeg2025/scripts/models/eeg_dataset_production.py:132: RuntimeWarning: The data contains 'boundary' events, indicating data discontinuities. Be cautious of filtering and epoching around these events.
  raw = mne.io.read_raw_eeglab(set_file, preload=True, verbose=False)
/home/kevin/Projects/eeg2025/scripts/models/eeg_dataset_production.py:132: RuntimeWarning: The data contains 'boundary' events, indicating data discontinuities. Be cautious of filtering and epoching around these events.
  raw = mne.io.read_raw_eeglab(set_file, preload=True, verbose=False)
/home/kevin/Projects/eeg2025/scripts/models/eeg_dataset_production.py:132: RuntimeWarning: The data contains 'boundary' events, indicating data discontinuities. Be cautious of filtering and epoching around these events.
  raw = mne.io.read_raw_eeglab(set_file, preload=True, verbose=False)
/home/kevin/Projects/eeg2025/scripts/models/eeg_dataset_production.py:132: RuntimeWarning: The data contains 'boundary' events, indicating data discontinuities. Be cautious of filtering and epoching around these events.
  raw = mne.io.read_raw_eeglab(set_file, preload=True, verbose=False)
/home/kevin/Projects/eeg2025/scripts/models/eeg_dataset_production.py:132: RuntimeWarning: The data contains 'boundary' events, indicating data discontinuities. Be cautious of filtering and epoching around these events.
  raw = mne.io.read_raw_eeglab(set_file, preload=True, verbose=False)
Loading subjects:  30%|███       | 3/10 [01:23<03:14, 27.85s/it]/home/kevin/Projects/eeg2025/scripts/models/eeg_dataset_production.py:132: RuntimeWarning: The data contains 'boundary' events, indicating data discontinuities. Be cautious of filtering and epoching around these events.
  raw = mne.io.read_raw_eeglab(set_file, preload=True, verbose=False)
/home/kevin/Projects/eeg2025/scripts/models/eeg_dataset_production.py:132: RuntimeWarning: The data contains 'boundary' events, indicating data discontinuities. Be cautious of filtering and epoching around these events.
  raw = mne.io.read_raw_eeglab(set_file, preload=True, verbose=False)
/home/kevin/Projects/eeg2025/scripts/models/eeg_dataset_production.py:132: RuntimeWarning: The data contains 'boundary' events, indicating data discontinuities. Be cautious of filtering and epoching around these events.
  raw = mne.io.read_raw_eeglab(set_file, preload=True, verbose=False)
/home/kevin/Projects/eeg2025/scripts/models/eeg_dataset_production.py:132: RuntimeWarning: The data contains 'boundary' events, indicating data discontinuities. Be cautious of filtering and epoching around these events.
  raw = mne.io.read_raw_eeglab(set_file, preload=True, verbose=False)
/home/kevin/Projects/eeg2025/scripts/models/eeg_dataset_production.py:132: RuntimeWarning: The data contains 'boundary' events, indicating data discontinuities. Be cautious of filtering and epoching around these events.
  raw = mne.io.read_raw_eeglab(set_file, preload=True, verbose=False)
/home/kevin/Projects/eeg2025/scripts/models/eeg_dataset_production.py:132: RuntimeWarning: The data contains 'boundary' events, indicating data discontinuities. Be cautious of filtering and epoching around these events.
  raw = mne.io.read_raw_eeglab(set_file, preload=True, verbose=False)
/home/kevin/Projects/eeg2025/scripts/models/eeg_dataset_production.py:132: RuntimeWarning: The data contains 'boundary' events, indicating data discontinuities. Be cautious of filtering and epoching around these events.
  raw = mne.io.read_raw_eeglab(set_file, preload=True, verbose=False)
/home/kevin/Projects/eeg2025/scripts/models/eeg_dataset_production.py:132: RuntimeWarning: The data contains 'boundary' events, indicating data discontinuities. Be cautious of filtering and epoching around these events.
  raw = mne.io.read_raw_eeglab(set_file, preload=True, verbose=False)
/home/kevin/Projects/eeg2025/scripts/models/eeg_dataset_production.py:132: RuntimeWarning: The data contains 'boundary' events, indicating data discontinuities. Be cautious of filtering and epoching around these events.
  raw = mne.io.read_raw_eeglab(set_file, preload=True, verbose=False)
/home/kevin/Projects/eeg2025/scripts/models/eeg_dataset_production.py:132: RuntimeWarning: The data contains 'boundary' events, indicating data discontinuities. Be cautious of filtering and epoching around these events.
  raw = mne.io.read_raw_eeglab(set_file, preload=True, verbose=False)
/home/kevin/Projects/eeg2025/scripts/models/eeg_dataset_production.py:132: RuntimeWarning: The data contains 'boundary' events, indicating data discontinuities. Be cautious of filtering and epoching around these events.
  raw = mne.io.read_raw_eeglab(set_file, preload=True, verbose=False)
/home/kevin/Projects/eeg2025/scripts/models/eeg_dataset_production.py:132: RuntimeWarning: The data contains 'boundary' events, indicating data discontinuities. Be cautious of filtering and epoching around these events.
  raw = mne.io.read_raw_eeglab(set_file, preload=True, verbose=False)
/home/kevin/Projects/eeg2025/scripts/models/eeg_dataset_production.py:132: RuntimeWarning: The data contains 'boundary' events, indicating data discontinuities. Be cautious of filtering and epoching around these events.
  raw = mne.io.read_raw_eeglab(set_file, preload=True, verbose=False)
/home/kevin/Projects/eeg2025/scripts/models/eeg_dataset_production.py:132: RuntimeWarning: The data contains 'boundary' events, indicating data discontinuities. Be cautious of filtering and epoching around these events.
  raw = mne.io.read_raw_eeglab(set_file, preload=True, verbose=False)
/home/kevin/Projects/eeg2025/scripts/models/eeg_dataset_production.py:132: RuntimeWarning: The data contains 'boundary' events, indicating data discontinuities. Be cautious of filtering and epoching around these events.
  raw = mne.io.read_raw_eeglab(set_file, preload=True, verbose=False)
/home/kevin/Projects/eeg2025/scripts/models/eeg_dataset_production.py:132: RuntimeWarning: The data contains 'boundary' events, indicating data discontinuities. Be cautious of filtering and epoching around these events.
  raw = mne.io.read_raw_eeglab(set_file, preload=True, verbose=False)
/home/kevin/Projects/eeg2025/scripts/models/eeg_dataset_production.py:132: RuntimeWarning: The data contains 'boundary' events, indicating data discontinuities. Be cautious of filtering and epoching around these events.
  raw = mne.io.read_raw_eeglab(set_file, preload=True, verbose=False)
/home/kevin/Projects/eeg2025/scripts/models/eeg_dataset_production.py:132: RuntimeWarning: The data contains 'boundary' events, indicating data discontinuities. Be cautious of filtering and epoching around these events.
  raw = mne.io.read_raw_eeglab(set_file, preload=True, verbose=False)
/home/kevin/Projects/eeg2025/scripts/models/eeg_dataset_production.py:132: RuntimeWarning: The data contains 'boundary' events, indicating data discontinuities. Be cautious of filtering and epoching around these events.
  raw = mne.io.read_raw_eeglab(set_file, preload=True, verbose=False)
/home/kevin/Projects/eeg2025/scripts/models/eeg_dataset_production.py:132: RuntimeWarning: The data contains 'boundary' events, indicating data discontinuities. Be cautious of filtering and epoching around these events.
  raw = mne.io.read_raw_eeglab(set_file, preload=True, verbose=False)
/home/kevin/Projects/eeg2025/scripts/models/eeg_dataset_production.py:132: RuntimeWarning: The data contains 'boundary' events, indicating data discontinuities. Be cautious of filtering and epoching around these events.
  raw = mne.io.read_raw_eeglab(set_file, preload=True, verbose=False)
/home/kevin/Projects/eeg2025/scripts/models/eeg_dataset_production.py:132: RuntimeWarning: The data contains 'boundary' events, indicating data discontinuities. Be cautious of filtering and epoching around these events.
  raw = mne.io.read_raw_eeglab(set_file, preload=True, verbose=False)
/home/kevin/Projects/eeg2025/scripts/models/eeg_dataset_production.py:132: RuntimeWarning: The data contains 'boundary' events, indicating data discontinuities. Be cautious of filtering and epoching around these events.
  raw = mne.io.read_raw_eeglab(set_file, preload=True, verbose=False)
/home/kevin/Projects/eeg2025/scripts/models/eeg_dataset_production.py:132: RuntimeWarning: The data contains 'boundary' events, indicating data discontinuities. Be cautious of filtering and epoching around these events.
  raw = mne.io.read_raw_eeglab(set_file, preload=True, verbose=False)
/home/kevin/Projects/eeg2025/scripts/models/eeg_dataset_production.py:132: RuntimeWarning: The data contains 'boundary' events, indicating data discontinuities. Be cautious of filtering and epoching around these events.
  raw = mne.io.read_raw_eeglab(set_file, preload=True, verbose=False)
/usr/lib/python3.12/multiprocessing/resource_tracker.py:254: UserWarning: resource_tracker: There appear to be 8 leaked semaphore objects to clean up at shutdown
  warnings.warn('resource_tracker: There appear to be %d '
